{"/Users/jesse/Documents/專題/volleyball_analysis_webapp/frontend/src/App.tsx": {"path":"/Users/jesse/Documents/專題/volleyball_analysis_webapp/frontend/src/App.tsx","statementMap":{"0":{"start":{"line":13,"column":19},"end":{"line":13,"column":32}},"1":{"start":{"line":14,"column":46},"end":{"line":14,"column":61}},"2":{"start":{"line":16,"column":19},"end":{"line":20,"column":3}},"3":{"start":{"line":22,"column":2},"end":{"line":100,"column":4}},"4":{"start":{"line":27,"column":27},"end":{"line":27,"column":53}},"5":{"start":{"line":28,"column":10},"end":{"line":43,"column":12}},"6":{"start":{"line":50,"column":23},"end":{"line":50,"column":57}},"7":{"start":{"line":58,"column":81},"end":{"line":58,"column":105}},"8":{"start":{"line":61,"column":28},"end":{"line":61,"column":47}},"9":{"start":{"line":67,"column":33},"end":{"line":67,"column":57}},"10":{"start":{"line":76,"column":33},"end":{"line":76,"column":59}},"11":{"start":{"line":77,"column":16},"end":{"line":93,"column":18}},"12":{"start":{"line":81,"column":35},"end":{"line":81,"column":59}},"13":{"start":{"line":104,"column":2},"end":{"line":193,"column":4}}},"fnMap":{"0":{"name":"Navigation","decl":{"start":{"line":12,"column":9},"end":{"line":12,"column":19}},"loc":{"start":{"line":12,"column":22},"end":{"line":101,"column":1}},"line":12},"1":{"name":"(anonymous_1)","decl":{"start":{"line":26,"column":22},"end":{"line":26,"column":23}},"loc":{"start":{"line":26,"column":55},"end":{"line":44,"column":9}},"line":26},"2":{"name":"(anonymous_2)","decl":{"start":{"line":50,"column":17},"end":{"line":50,"column":18}},"loc":{"start":{"line":50,"column":23},"end":{"line":50,"column":57}},"line":50},"3":{"name":"(anonymous_3)","decl":{"start":{"line":58,"column":75},"end":{"line":58,"column":76}},"loc":{"start":{"line":58,"column":81},"end":{"line":58,"column":105}},"line":58},"4":{"name":"(anonymous_4)","decl":{"start":{"line":61,"column":21},"end":{"line":61,"column":22}},"loc":{"start":{"line":61,"column":28},"end":{"line":61,"column":47}},"line":61},"5":{"name":"(anonymous_5)","decl":{"start":{"line":67,"column":27},"end":{"line":67,"column":28}},"loc":{"start":{"line":67,"column":33},"end":{"line":67,"column":57}},"line":67},"6":{"name":"(anonymous_6)","decl":{"start":{"line":75,"column":28},"end":{"line":75,"column":29}},"loc":{"start":{"line":75,"column":61},"end":{"line":94,"column":15}},"line":75},"7":{"name":"(anonymous_7)","decl":{"start":{"line":81,"column":29},"end":{"line":81,"column":30}},"loc":{"start":{"line":81,"column":35},"end":{"line":81,"column":59}},"line":81},"8":{"name":"App","decl":{"start":{"line":103,"column":9},"end":{"line":103,"column":12}},"loc":{"start":{"line":103,"column":15},"end":{"line":194,"column":1}},"line":103}},"branchMap":{"0":{"loc":{"start":{"line":34,"column":18},"end":{"line":36,"column":73}},"type":"cond-expr","locations":[{"start":{"line":35,"column":20},"end":{"line":35,"column":104}},{"start":{"line":36,"column":20},"end":{"line":36,"column":73}}],"line":34},"1":{"loc":{"start":{"line":53,"column":9},"end":{"line":53,"column":82}},"type":"cond-expr","locations":[{"start":{"line":53,"column":26},"end":{"line":53,"column":51}},{"start":{"line":53,"column":54},"end":{"line":53,"column":82}}],"line":53},"2":{"loc":{"start":{"line":57,"column":7},"end":{"line":98,"column":7}},"type":"binary-expr","locations":[{"start":{"line":57,"column":7},"end":{"line":57,"column":21}},{"start":{"line":58,"column":8},"end":{"line":97,"column":14}}],"line":57},"3":{"loc":{"start":{"line":84,"column":24},"end":{"line":86,"column":59}},"type":"cond-expr","locations":[{"start":{"line":85,"column":26},"end":{"line":85,"column":83}},{"start":{"line":86,"column":26},"end":{"line":86,"column":59}}],"line":84}},"s":{"0":0,"1":0,"2":0,"3":0,"4":0,"5":0,"6":0,"7":0,"8":0,"9":0,"10":0,"11":0,"12":0,"13":0},"f":{"0":0,"1":0,"2":0,"3":0,"4":0,"5":0,"6":0,"7":0,"8":0},"b":{"0":[0,0],"1":[0,0],"2":[0,0],"3":[0,0]}}
,"/Users/jesse/Documents/專題/volleyball_analysis_webapp/frontend/src/index.tsx": {"path":"/Users/jesse/Documents/專題/volleyball_analysis_webapp/frontend/src/index.tsx","statementMap":{"0":{"start":{"line":6,"column":13},"end":{"line":6,"column":80}},"1":{"start":{"line":7,"column":0},"end":{"line":11,"column":2}}},"fnMap":{},"branchMap":{},"s":{"0":0,"1":0},"f":{},"b":{}}
,"/Users/jesse/Documents/專題/volleyball_analysis_webapp/frontend/src/components/BallTracking.tsx": {"path":"/Users/jesse/Documents/專題/volleyball_analysis_webapp/frontend/src/components/BallTracking.tsx","statementMap":{"0":{"start":{"line":11,"column":57},"end":{"line":209,"column":1}},"1":{"start":{"line":18,"column":20},"end":{"line":18,"column":51}},"2":{"start":{"line":20,"column":2},"end":{"line":192,"column":61}},"3":{"start":{"line":21,"column":4},"end":{"line":30,"column":5}},"4":{"start":{"line":22,"column":6},"end":{"line":28,"column":7}},"5":{"start":{"line":23,"column":8},"end":{"line":27,"column":11}},"6":{"start":{"line":29,"column":6},"end":{"line":29,"column":13}},"7":{"start":{"line":32,"column":16},"end":{"line":32,"column":50}},"8":{"start":{"line":33,"column":4},"end":{"line":33,"column":21}},"9":{"start":{"line":33,"column":14},"end":{"line":33,"column":21}},"10":{"start":{"line":35,"column":19},"end":{"line":35,"column":36}},"11":{"start":{"line":36,"column":4},"end":{"line":39,"column":5}},"12":{"start":{"line":37,"column":6},"end":{"line":37,"column":37}},"13":{"start":{"line":38,"column":6},"end":{"line":38,"column":39}},"14":{"start":{"line":41,"column":4},"end":{"line":41,"column":59}},"15":{"start":{"line":43,"column":4},"end":{"line":53,"column":5}},"16":{"start":{"line":45,"column":6},"end":{"line":51,"column":7}},"17":{"start":{"line":46,"column":8},"end":{"line":50,"column":11}},"18":{"start":{"line":52,"column":6},"end":{"line":52,"column":13}},"19":{"start":{"line":55,"column":25},"end":{"line":55,"column":54}},"20":{"start":{"line":58,"column":23},"end":{"line":58,"column":26}},"21":{"start":{"line":59,"column":20},"end":{"line":59,"column":44}},"22":{"start":{"line":60,"column":20},"end":{"line":60,"column":31}},"23":{"start":{"line":63,"column":30},"end":{"line":76,"column":6}},"24":{"start":{"line":65,"column":6},"end":{"line":67,"column":7}},"25":{"start":{"line":66,"column":8},"end":{"line":66,"column":68}},"26":{"start":{"line":69,"column":6},"end":{"line":74,"column":7}},"27":{"start":{"line":70,"column":25},"end":{"line":70,"column":34}},"28":{"start":{"line":71,"column":25},"end":{"line":71,"column":58}},"29":{"start":{"line":72,"column":25},"end":{"line":72,"column":37}},"30":{"start":{"line":73,"column":8},"end":{"line":73,"column":60}},"31":{"start":{"line":75,"column":6},"end":{"line":75,"column":19}},"32":{"start":{"line":78,"column":4},"end":{"line":90,"column":5}},"33":{"start":{"line":80,"column":6},"end":{"line":88,"column":7}},"34":{"start":{"line":81,"column":8},"end":{"line":87,"column":11}},"35":{"start":{"line":89,"column":6},"end":{"line":89,"column":13}},"36":{"start":{"line":94,"column":28},"end":{"line":98,"column":6}},"37":{"start":{"line":95,"column":21},"end":{"line":95,"column":56}},"38":{"start":{"line":96,"column":21},"end":{"line":96,"column":56}},"39":{"start":{"line":97,"column":6},"end":{"line":97,"column":29}},"40":{"start":{"line":101,"column":37},"end":{"line":101,"column":39}},"41":{"start":{"line":102,"column":4},"end":{"line":141,"column":5}},"42":{"start":{"line":103,"column":6},"end":{"line":103,"column":49}},"43":{"start":{"line":105,"column":6},"end":{"line":140,"column":7}},"44":{"start":{"line":105,"column":19},"end":{"line":105,"column":20}},"45":{"start":{"line":106,"column":21},"end":{"line":106,"column":43}},"46":{"start":{"line":107,"column":21},"end":{"line":107,"column":39}},"47":{"start":{"line":109,"column":27},"end":{"line":109,"column":48}},"48":{"start":{"line":110,"column":27},"end":{"line":110,"column":48}},"49":{"start":{"line":113,"column":25},"end":{"line":116,"column":9}},"50":{"start":{"line":119,"column":25},"end":{"line":119,"column":66}},"51":{"start":{"line":120,"column":25},"end":{"line":120,"column":66}},"52":{"start":{"line":121,"column":25},"end":{"line":121,"column":54}},"53":{"start":{"line":124,"column":25},"end":{"line":124,"column":70}},"54":{"start":{"line":130,"column":28},"end":{"line":130,"column":33}},"55":{"start":{"line":131,"column":28},"end":{"line":131,"column":34}},"56":{"start":{"line":132,"column":30},"end":{"line":132,"column":33}},"57":{"start":{"line":134,"column":8},"end":{"line":138,"column":9}},"58":{"start":{"line":137,"column":10},"end":{"line":137,"column":39}},"59":{"start":{"line":143,"column":4},"end":{"line":145,"column":5}},"60":{"start":{"line":144,"column":6},"end":{"line":144,"column":13}},"61":{"start":{"line":148,"column":4},"end":{"line":191,"column":7}},"62":{"start":{"line":149,"column":21},"end":{"line":149,"column":41}},"63":{"start":{"line":150,"column":16},"end":{"line":150,"column":30}},"64":{"start":{"line":151,"column":16},"end":{"line":151,"column":30}},"65":{"start":{"line":152,"column":25},"end":{"line":152,"column":44}},"66":{"start":{"line":155,"column":22},"end":{"line":155,"column":61}},"67":{"start":{"line":156,"column":23},"end":{"line":156,"column":44}},"68":{"start":{"line":157,"column":22},"end":{"line":157,"column":64}},"69":{"start":{"line":160,"column":6},"end":{"line":160,"column":54}},"70":{"start":{"line":161,"column":6},"end":{"line":161,"column":22}},"71":{"start":{"line":162,"column":6},"end":{"line":162,"column":39}},"72":{"start":{"line":163,"column":6},"end":{"line":163,"column":17}},"73":{"start":{"line":166,"column":6},"end":{"line":166,"column":58}},"74":{"start":{"line":167,"column":6},"end":{"line":167,"column":24}},"75":{"start":{"line":168,"column":6},"end":{"line":168,"column":19}},"76":{"start":{"line":171,"column":6},"end":{"line":190,"column":7}},"77":{"start":{"line":173,"column":8},"end":{"line":173,"column":34}},"78":{"start":{"line":174,"column":8},"end":{"line":174,"column":24}},"79":{"start":{"line":175,"column":8},"end":{"line":175,"column":42}},"80":{"start":{"line":176,"column":8},"end":{"line":176,"column":19}},"81":{"start":{"line":178,"column":8},"end":{"line":178,"column":36}},"82":{"start":{"line":179,"column":8},"end":{"line":179,"column":26}},"83":{"start":{"line":180,"column":8},"end":{"line":180,"column":21}},"84":{"start":{"line":183,"column":8},"end":{"line":189,"column":9}},"85":{"start":{"line":184,"column":10},"end":{"line":184,"column":36}},"86":{"start":{"line":185,"column":10},"end":{"line":185,"column":70}},"87":{"start":{"line":186,"column":10},"end":{"line":186,"column":35}},"88":{"start":{"line":187,"column":10},"end":{"line":187,"column":38}},"89":{"start":{"line":188,"column":10},"end":{"line":188,"column":70}},"90":{"start":{"line":194,"column":2},"end":{"line":194,"column":28}},"91":{"start":{"line":194,"column":16},"end":{"line":194,"column":28}},"92":{"start":{"line":196,"column":2},"end":{"line":208,"column":4}}},"fnMap":{"0":{"name":"(anonymous_0)","decl":{"start":{"line":11,"column":57},"end":{"line":11,"column":58}},"loc":{"start":{"line":17,"column":6},"end":{"line":209,"column":1}},"line":17},"1":{"name":"(anonymous_1)","decl":{"start":{"line":20,"column":12},"end":{"line":20,"column":13}},"loc":{"start":{"line":20,"column":18},"end":{"line":192,"column":3}},"line":20},"2":{"name":"(anonymous_2)","decl":{"start":{"line":63,"column":52},"end":{"line":63,"column":53}},"loc":{"start":{"line":63,"column":66},"end":{"line":76,"column":5}},"line":63},"3":{"name":"(anonymous_3)","decl":{"start":{"line":94,"column":51},"end":{"line":94,"column":52}},"loc":{"start":{"line":94,"column":71},"end":{"line":98,"column":5}},"line":94},"4":{"name":"(anonymous_4)","decl":{"start":{"line":148,"column":30},"end":{"line":148,"column":31}},"loc":{"start":{"line":148,"column":59},"end":{"line":191,"column":5}},"line":148}},"branchMap":{"0":{"loc":{"start":{"line":16,"column":2},"end":{"line":16,"column":17}},"type":"default-arg","locations":[{"start":{"line":16,"column":12},"end":{"line":16,"column":17}}],"line":16},"1":{"loc":{"start":{"line":21,"column":4},"end":{"line":30,"column":5}},"type":"if","locations":[{"start":{"line":21,"column":4},"end":{"line":30,"column":5}},{"start":{},"end":{}}],"line":21},"2":{"loc":{"start":{"line":21,"column":8},"end":{"line":21,"column":81}},"type":"binary-expr","locations":[{"start":{"line":21,"column":8},"end":{"line":21,"column":16}},{"start":{"line":21,"column":20},"end":{"line":21,"column":38}},{"start":{"line":21,"column":42},"end":{"line":21,"column":59}},{"start":{"line":21,"column":63},"end":{"line":21,"column":81}}],"line":21},"3":{"loc":{"start":{"line":22,"column":6},"end":{"line":28,"column":7}},"type":"if","locations":[{"start":{"line":22,"column":6},"end":{"line":28,"column":7}},{"start":{},"end":{}}],"line":22},"4":{"loc":{"start":{"line":33,"column":4},"end":{"line":33,"column":21}},"type":"if","locations":[{"start":{"line":33,"column":4},"end":{"line":33,"column":21}},{"start":{},"end":{}}],"line":33},"5":{"loc":{"start":{"line":36,"column":4},"end":{"line":39,"column":5}},"type":"if","locations":[{"start":{"line":36,"column":4},"end":{"line":39,"column":5}},{"start":{},"end":{}}],"line":36},"6":{"loc":{"start":{"line":36,"column":8},"end":{"line":36,"column":78}},"type":"binary-expr","locations":[{"start":{"line":36,"column":8},"end":{"line":36,"column":40}},{"start":{"line":36,"column":44},"end":{"line":36,"column":78}}],"line":36},"7":{"loc":{"start":{"line":43,"column":4},"end":{"line":53,"column":5}},"type":"if","locations":[{"start":{"line":43,"column":4},"end":{"line":53,"column":5}},{"start":{},"end":{}}],"line":43},"8":{"loc":{"start":{"line":43,"column":8},"end":{"line":43,"column":54}},"type":"binary-expr","locations":[{"start":{"line":43,"column":8},"end":{"line":43,"column":23}},{"start":{"line":43,"column":27},"end":{"line":43,"column":54}}],"line":43},"9":{"loc":{"start":{"line":45,"column":6},"end":{"line":51,"column":7}},"type":"if","locations":[{"start":{"line":45,"column":6},"end":{"line":51,"column":7}},{"start":{},"end":{}}],"line":45},"10":{"loc":{"start":{"line":47,"column":28},"end":{"line":47,"column":55}},"type":"binary-expr","locations":[{"start":{"line":47,"column":28},"end":{"line":47,"column":50}},{"start":{"line":47,"column":54},"end":{"line":47,"column":55}}],"line":47},"11":{"loc":{"start":{"line":65,"column":6},"end":{"line":67,"column":7}},"type":"if","locations":[{"start":{"line":65,"column":6},"end":{"line":67,"column":7}},{"start":{},"end":{}}],"line":65},"12":{"loc":{"start":{"line":66,"column":15},"end":{"line":66,"column":67}},"type":"binary-expr","locations":[{"start":{"line":66,"column":15},"end":{"line":66,"column":39}},{"start":{"line":66,"column":43},"end":{"line":66,"column":67}}],"line":66},"13":{"loc":{"start":{"line":69,"column":6},"end":{"line":74,"column":7}},"type":"if","locations":[{"start":{"line":69,"column":6},"end":{"line":74,"column":7}},{"start":{},"end":{}}],"line":69},"14":{"loc":{"start":{"line":73,"column":15},"end":{"line":73,"column":59}},"type":"binary-expr","locations":[{"start":{"line":73,"column":15},"end":{"line":73,"column":35}},{"start":{"line":73,"column":39},"end":{"line":73,"column":59}}],"line":73},"15":{"loc":{"start":{"line":78,"column":4},"end":{"line":90,"column":5}},"type":"if","locations":[{"start":{"line":78,"column":4},"end":{"line":90,"column":5}},{"start":{},"end":{}}],"line":78},"16":{"loc":{"start":{"line":80,"column":6},"end":{"line":88,"column":7}},"type":"if","locations":[{"start":{"line":80,"column":6},"end":{"line":88,"column":7}},{"start":{},"end":{}}],"line":80},"17":{"loc":{"start":{"line":95,"column":21},"end":{"line":95,"column":56}},"type":"binary-expr","locations":[{"start":{"line":95,"column":21},"end":{"line":95,"column":28}},{"start":{"line":95,"column":32},"end":{"line":95,"column":56}}],"line":95},"18":{"loc":{"start":{"line":95,"column":33},"end":{"line":95,"column":49}},"type":"binary-expr","locations":[{"start":{"line":95,"column":33},"end":{"line":95,"column":44}},{"start":{"line":95,"column":48},"end":{"line":95,"column":49}}],"line":95},"19":{"loc":{"start":{"line":96,"column":21},"end":{"line":96,"column":56}},"type":"binary-expr","locations":[{"start":{"line":96,"column":21},"end":{"line":96,"column":28}},{"start":{"line":96,"column":32},"end":{"line":96,"column":56}}],"line":96},"20":{"loc":{"start":{"line":96,"column":33},"end":{"line":96,"column":49}},"type":"binary-expr","locations":[{"start":{"line":96,"column":33},"end":{"line":96,"column":44}},{"start":{"line":96,"column":48},"end":{"line":96,"column":49}}],"line":96},"21":{"loc":{"start":{"line":102,"column":4},"end":{"line":141,"column":5}},"type":"if","locations":[{"start":{"line":102,"column":4},"end":{"line":141,"column":5}},{"start":{},"end":{}}],"line":102},"22":{"loc":{"start":{"line":109,"column":27},"end":{"line":109,"column":48}},"type":"binary-expr","locations":[{"start":{"line":109,"column":27},"end":{"line":109,"column":38}},{"start":{"line":109,"column":42},"end":{"line":109,"column":48}}],"line":109},"23":{"loc":{"start":{"line":110,"column":27},"end":{"line":110,"column":48}},"type":"binary-expr","locations":[{"start":{"line":110,"column":27},"end":{"line":110,"column":38}},{"start":{"line":110,"column":42},"end":{"line":110,"column":48}}],"line":110},"24":{"loc":{"start":{"line":119,"column":25},"end":{"line":119,"column":66}},"type":"binary-expr","locations":[{"start":{"line":119,"column":25},"end":{"line":119,"column":39}},{"start":{"line":119,"column":43},"end":{"line":119,"column":66}}],"line":119},"25":{"loc":{"start":{"line":119,"column":44},"end":{"line":119,"column":59}},"type":"binary-expr","locations":[{"start":{"line":119,"column":44},"end":{"line":119,"column":54}},{"start":{"line":119,"column":58},"end":{"line":119,"column":59}}],"line":119},"26":{"loc":{"start":{"line":120,"column":25},"end":{"line":120,"column":66}},"type":"binary-expr","locations":[{"start":{"line":120,"column":25},"end":{"line":120,"column":39}},{"start":{"line":120,"column":43},"end":{"line":120,"column":66}}],"line":120},"27":{"loc":{"start":{"line":120,"column":44},"end":{"line":120,"column":59}},"type":"binary-expr","locations":[{"start":{"line":120,"column":44},"end":{"line":120,"column":54}},{"start":{"line":120,"column":58},"end":{"line":120,"column":59}}],"line":120},"28":{"loc":{"start":{"line":124,"column":25},"end":{"line":124,"column":70}},"type":"cond-expr","locations":[{"start":{"line":124,"column":40},"end":{"line":124,"column":59}},{"start":{"line":124,"column":62},"end":{"line":124,"column":70}}],"line":124},"29":{"loc":{"start":{"line":134,"column":8},"end":{"line":138,"column":9}},"type":"if","locations":[{"start":{"line":134,"column":8},"end":{"line":138,"column":9}},{"start":{},"end":{}}],"line":134},"30":{"loc":{"start":{"line":134,"column":12},"end":{"line":136,"column":51}},"type":"binary-expr","locations":[{"start":{"line":134,"column":12},"end":{"line":134,"column":35}},{"start":{"line":135,"column":12},"end":{"line":135,"column":35}},{"start":{"line":136,"column":12},"end":{"line":136,"column":51}}],"line":134},"31":{"loc":{"start":{"line":136,"column":13},"end":{"line":136,"column":33}},"type":"binary-expr","locations":[{"start":{"line":136,"column":13},"end":{"line":136,"column":28}},{"start":{"line":136,"column":32},"end":{"line":136,"column":33}}],"line":136},"32":{"loc":{"start":{"line":143,"column":4},"end":{"line":145,"column":5}},"type":"if","locations":[{"start":{"line":143,"column":4},"end":{"line":145,"column":5}},{"start":{},"end":{}}],"line":143},"33":{"loc":{"start":{"line":149,"column":21},"end":{"line":149,"column":41}},"type":"binary-expr","locations":[{"start":{"line":149,"column":21},"end":{"line":149,"column":31}},{"start":{"line":149,"column":35},"end":{"line":149,"column":41}}],"line":149},"34":{"loc":{"start":{"line":150,"column":16},"end":{"line":150,"column":30}},"type":"binary-expr","locations":[{"start":{"line":150,"column":16},"end":{"line":150,"column":25}},{"start":{"line":150,"column":29},"end":{"line":150,"column":30}}],"line":150},"35":{"loc":{"start":{"line":151,"column":16},"end":{"line":151,"column":30}},"type":"binary-expr","locations":[{"start":{"line":151,"column":16},"end":{"line":151,"column":25}},{"start":{"line":151,"column":29},"end":{"line":151,"column":30}}],"line":151},"36":{"loc":{"start":{"line":152,"column":25},"end":{"line":152,"column":44}},"type":"binary-expr","locations":[{"start":{"line":152,"column":25},"end":{"line":152,"column":39}},{"start":{"line":152,"column":43},"end":{"line":152,"column":44}}],"line":152},"37":{"loc":{"start":{"line":155,"column":22},"end":{"line":155,"column":61}},"type":"binary-expr","locations":[{"start":{"line":155,"column":22},"end":{"line":155,"column":35}},{"start":{"line":155,"column":39},"end":{"line":155,"column":61}}],"line":155},"38":{"loc":{"start":{"line":155,"column":40},"end":{"line":155,"column":54}},"type":"binary-expr","locations":[{"start":{"line":155,"column":40},"end":{"line":155,"column":49}},{"start":{"line":155,"column":53},"end":{"line":155,"column":54}}],"line":155},"39":{"loc":{"start":{"line":171,"column":6},"end":{"line":190,"column":7}},"type":"if","locations":[{"start":{"line":171,"column":6},"end":{"line":190,"column":7}},{"start":{},"end":{}}],"line":171},"40":{"loc":{"start":{"line":183,"column":8},"end":{"line":189,"column":9}},"type":"if","locations":[{"start":{"line":183,"column":8},"end":{"line":189,"column":9}},{"start":{},"end":{}}],"line":183},"41":{"loc":{"start":{"line":194,"column":2},"end":{"line":194,"column":28}},"type":"if","locations":[{"start":{"line":194,"column":2},"end":{"line":194,"column":28}},{"start":{},"end":{}}],"line":194},"42":{"loc":{"start":{"line":199,"column":13},"end":{"line":199,"column":35}},"type":"binary-expr","locations":[{"start":{"line":199,"column":13},"end":{"line":199,"column":28}},{"start":{"line":199,"column":32},"end":{"line":199,"column":35}}],"line":199},"43":{"loc":{"start":{"line":200,"column":14},"end":{"line":200,"column":37}},"type":"binary-expr","locations":[{"start":{"line":200,"column":14},"end":{"line":200,"column":30}},{"start":{"line":200,"column":34},"end":{"line":200,"column":37}}],"line":200}},"s":{"0":0,"1":0,"2":0,"3":0,"4":0,"5":0,"6":0,"7":0,"8":0,"9":0,"10":0,"11":0,"12":0,"13":0,"14":0,"15":0,"16":0,"17":0,"18":0,"19":0,"20":0,"21":0,"22":0,"23":0,"24":0,"25":0,"26":0,"27":0,"28":0,"29":0,"30":0,"31":0,"32":0,"33":0,"34":0,"35":0,"36":0,"37":0,"38":0,"39":0,"40":0,"41":0,"42":0,"43":0,"44":0,"45":0,"46":0,"47":0,"48":0,"49":0,"50":0,"51":0,"52":0,"53":0,"54":0,"55":0,"56":0,"57":0,"58":0,"59":0,"60":0,"61":0,"62":0,"63":0,"64":0,"65":0,"66":0,"67":0,"68":0,"69":0,"70":0,"71":0,"72":0,"73":0,"74":0,"75":0,"76":0,"77":0,"78":0,"79":0,"80":0,"81":0,"82":0,"83":0,"84":0,"85":0,"86":0,"87":0,"88":0,"89":0,"90":0,"91":0,"92":0},"f":{"0":0,"1":0,"2":0,"3":0,"4":0},"b":{"0":[0],"1":[0,0],"2":[0,0,0,0],"3":[0,0],"4":[0,0],"5":[0,0],"6":[0,0],"7":[0,0],"8":[0,0],"9":[0,0],"10":[0,0],"11":[0,0],"12":[0,0],"13":[0,0],"14":[0,0],"15":[0,0],"16":[0,0],"17":[0,0],"18":[0,0],"19":[0,0],"20":[0,0],"21":[0,0],"22":[0,0],"23":[0,0],"24":[0,0],"25":[0,0],"26":[0,0],"27":[0,0],"28":[0,0],"29":[0,0],"30":[0,0,0],"31":[0,0],"32":[0,0],"33":[0,0],"34":[0,0],"35":[0,0],"36":[0,0],"37":[0,0],"38":[0,0],"39":[0,0],"40":[0,0],"41":[0,0],"42":[0,0],"43":[0,0]}}
,"/Users/jesse/Documents/專題/volleyball_analysis_webapp/frontend/src/components/BoundingBoxes.tsx": {"path":"/Users/jesse/Documents/專題/volleyball_analysis_webapp/frontend/src/components/BoundingBoxes.tsx","statementMap":{"0":{"start":{"line":16,"column":23},"end":{"line":28,"column":1}},"1":{"start":{"line":17,"column":17},"end":{"line":26,"column":3}},"2":{"start":{"line":27,"column":2},"end":{"line":27,"column":42}},"3":{"start":{"line":30,"column":23},"end":{"line":39,"column":1}},"4":{"start":{"line":31,"column":43},"end":{"line":37,"column":3}},"5":{"start":{"line":38,"column":2},"end":{"line":38,"column":39}},"6":{"start":{"line":41,"column":59},"end":{"line":198,"column":1}},"7":{"start":{"line":53,"column":20},"end":{"line":53,"column":51}},"8":{"start":{"line":55,"column":2},"end":{"line":178,"column":114}},"9":{"start":{"line":56,"column":4},"end":{"line":56,"column":78}},"10":{"start":{"line":56,"column":71},"end":{"line":56,"column":78}},"11":{"start":{"line":58,"column":16},"end":{"line":58,"column":50}},"12":{"start":{"line":59,"column":4},"end":{"line":59,"column":21}},"13":{"start":{"line":59,"column":14},"end":{"line":59,"column":21}},"14":{"start":{"line":62,"column":26},"end":{"line":64,"column":5}},"15":{"start":{"line":63,"column":6},"end":{"line":63,"column":60}},"16":{"start":{"line":67,"column":19},"end":{"line":67,"column":36}},"17":{"start":{"line":68,"column":4},"end":{"line":71,"column":5}},"18":{"start":{"line":69,"column":6},"end":{"line":69,"column":37}},"19":{"start":{"line":70,"column":6},"end":{"line":70,"column":39}},"20":{"start":{"line":74,"column":4},"end":{"line":74,"column":59}},"21":{"start":{"line":76,"column":25},"end":{"line":76,"column":54}},"22":{"start":{"line":79,"column":4},"end":{"line":135,"column":5}},"23":{"start":{"line":82,"column":25},"end":{"line":84,"column":7}},"24":{"start":{"line":83,"column":19},"end":{"line":83,"column":47}},"25":{"start":{"line":87,"column":6},"end":{"line":94,"column":7}},"26":{"start":{"line":88,"column":8},"end":{"line":93,"column":24}},"27":{"start":{"line":89,"column":10},"end":{"line":89,"column":37}},"28":{"start":{"line":89,"column":24},"end":{"line":89,"column":37}},"29":{"start":{"line":90,"column":30},"end":{"line":90,"column":68}},"30":{"start":{"line":91,"column":28},"end":{"line":91,"column":64}},"31":{"start":{"line":92,"column":10},"end":{"line":92,"column":59}},"32":{"start":{"line":97,"column":6},"end":{"line":134,"column":7}},"33":{"start":{"line":99,"column":8},"end":{"line":133,"column":11}},"34":{"start":{"line":100,"column":10},"end":{"line":100,"column":92}},"35":{"start":{"line":100,"column":85},"end":{"line":100,"column":92}},"36":{"start":{"line":102,"column":35},"end":{"line":102,"column":46}},"37":{"start":{"line":103,"column":27},"end":{"line":103,"column":61}},"38":{"start":{"line":104,"column":24},"end":{"line":104,"column":48}},"39":{"start":{"line":107,"column":29},"end":{"line":107,"column":58}},"40":{"start":{"line":108,"column":32},"end":{"line":108,"column":58}},"41":{"start":{"line":109,"column":31},"end":{"line":109,"column":91}},"42":{"start":{"line":112,"column":10},"end":{"line":112,"column":61}},"43":{"start":{"line":113,"column":10},"end":{"line":113,"column":47}},"44":{"start":{"line":114,"column":10},"end":{"line":114,"column":54}},"45":{"start":{"line":115,"column":10},"end":{"line":115,"column":51}},"46":{"start":{"line":118,"column":24},"end":{"line":120,"column":60}},"47":{"start":{"line":121,"column":10},"end":{"line":121,"column":70}},"48":{"start":{"line":122,"column":10},"end":{"line":122,"column":35}},"49":{"start":{"line":123,"column":30},"end":{"line":123,"column":52}},"50":{"start":{"line":124,"column":28},"end":{"line":124,"column":45}},"51":{"start":{"line":125,"column":29},"end":{"line":125,"column":31}},"52":{"start":{"line":127,"column":10},"end":{"line":127,"column":59}},"53":{"start":{"line":128,"column":10},"end":{"line":128,"column":75}},"54":{"start":{"line":131,"column":10},"end":{"line":131,"column":36}},"55":{"start":{"line":132,"column":10},"end":{"line":132,"column":59}},"56":{"start":{"line":138,"column":4},"end":{"line":177,"column":5}},"57":{"start":{"line":140,"column":29},"end":{"line":144,"column":7}},"58":{"start":{"line":142,"column":10},"end":{"line":143,"column":39}},"59":{"start":{"line":146,"column":6},"end":{"line":176,"column":9}},"60":{"start":{"line":147,"column":8},"end":{"line":147,"column":90}},"61":{"start":{"line":147,"column":83},"end":{"line":147,"column":90}},"62":{"start":{"line":149,"column":33},"end":{"line":149,"column":44}},"63":{"start":{"line":150,"column":22},"end":{"line":150,"column":51}},"64":{"start":{"line":153,"column":8},"end":{"line":153,"column":32}},"65":{"start":{"line":154,"column":8},"end":{"line":154,"column":28}},"66":{"start":{"line":155,"column":8},"end":{"line":155,"column":32}},"67":{"start":{"line":156,"column":8},"end":{"line":156,"column":49}},"68":{"start":{"line":159,"column":27},"end":{"line":161,"column":14}},"69":{"start":{"line":162,"column":22},"end":{"line":162,"column":136}},"70":{"start":{"line":163,"column":8},"end":{"line":163,"column":68}},"71":{"start":{"line":164,"column":8},"end":{"line":164,"column":33}},"72":{"start":{"line":165,"column":28},"end":{"line":165,"column":50}},"73":{"start":{"line":166,"column":26},"end":{"line":166,"column":43}},"74":{"start":{"line":167,"column":27},"end":{"line":167,"column":29}},"75":{"start":{"line":170,"column":8},"end":{"line":170,"column":30}},"76":{"start":{"line":171,"column":8},"end":{"line":171,"column":73}},"77":{"start":{"line":174,"column":8},"end":{"line":174,"column":34}},"78":{"start":{"line":175,"column":8},"end":{"line":175,"column":57}},"79":{"start":{"line":180,"column":2},"end":{"line":197,"column":4}}},"fnMap":{"0":{"name":"(anonymous_0)","decl":{"start":{"line":16,"column":23},"end":{"line":16,"column":24}},"loc":{"start":{"line":16,"column":53},"end":{"line":28,"column":1}},"line":16},"1":{"name":"(anonymous_1)","decl":{"start":{"line":30,"column":23},"end":{"line":30,"column":24}},"loc":{"start":{"line":30,"column":51},"end":{"line":39,"column":1}},"line":30},"2":{"name":"(anonymous_2)","decl":{"start":{"line":41,"column":59},"end":{"line":41,"column":60}},"loc":{"start":{"line":52,"column":6},"end":{"line":198,"column":1}},"line":52},"3":{"name":"(anonymous_3)","decl":{"start":{"line":55,"column":12},"end":{"line":55,"column":13}},"loc":{"start":{"line":55,"column":18},"end":{"line":178,"column":3}},"line":55},"4":{"name":"(anonymous_4)","decl":{"start":{"line":62,"column":26},"end":{"line":62,"column":27}},"loc":{"start":{"line":62,"column":56},"end":{"line":64,"column":5}},"line":62},"5":{"name":"(anonymous_5)","decl":{"start":{"line":83,"column":8},"end":{"line":83,"column":9}},"loc":{"start":{"line":83,"column":19},"end":{"line":83,"column":47}},"line":83},"6":{"name":"(anonymous_6)","decl":{"start":{"line":88,"column":43},"end":{"line":88,"column":44}},"loc":{"start":{"line":88,"column":63},"end":{"line":93,"column":9}},"line":88},"7":{"name":"(anonymous_7)","decl":{"start":{"line":99,"column":37},"end":{"line":99,"column":38}},"loc":{"start":{"line":99,"column":54},"end":{"line":133,"column":9}},"line":99},"8":{"name":"(anonymous_8)","decl":{"start":{"line":141,"column":8},"end":{"line":141,"column":9}},"loc":{"start":{"line":142,"column":10},"end":{"line":143,"column":39}},"line":142},"9":{"name":"(anonymous_9)","decl":{"start":{"line":146,"column":29},"end":{"line":146,"column":30}},"loc":{"start":{"line":146,"column":41},"end":{"line":176,"column":7}},"line":146}},"branchMap":{"0":{"loc":{"start":{"line":38,"column":9},"end":{"line":38,"column":38}},"type":"binary-expr","locations":[{"start":{"line":38,"column":9},"end":{"line":38,"column":25}},{"start":{"line":38,"column":29},"end":{"line":38,"column":38}}],"line":38},"1":{"loc":{"start":{"line":47,"column":2},"end":{"line":47,"column":20}},"type":"default-arg","locations":[{"start":{"line":47,"column":16},"end":{"line":47,"column":20}}],"line":47},"2":{"loc":{"start":{"line":48,"column":2},"end":{"line":48,"column":20}},"type":"default-arg","locations":[{"start":{"line":48,"column":16},"end":{"line":48,"column":20}}],"line":48},"3":{"loc":{"start":{"line":49,"column":2},"end":{"line":49,"column":18}},"type":"default-arg","locations":[{"start":{"line":49,"column":16},"end":{"line":49,"column":18}}],"line":49},"4":{"loc":{"start":{"line":51,"column":2},"end":{"line":51,"column":21}},"type":"default-arg","locations":[{"start":{"line":51,"column":19},"end":{"line":51,"column":21}}],"line":51},"5":{"loc":{"start":{"line":56,"column":4},"end":{"line":56,"column":78}},"type":"if","locations":[{"start":{"line":56,"column":4},"end":{"line":56,"column":78}},{"start":{},"end":{}}],"line":56},"6":{"loc":{"start":{"line":56,"column":8},"end":{"line":56,"column":69}},"type":"binary-expr","locations":[{"start":{"line":56,"column":8},"end":{"line":56,"column":26}},{"start":{"line":56,"column":30},"end":{"line":56,"column":47}},{"start":{"line":56,"column":51},"end":{"line":56,"column":69}}],"line":56},"7":{"loc":{"start":{"line":59,"column":4},"end":{"line":59,"column":21}},"type":"if","locations":[{"start":{"line":59,"column":4},"end":{"line":59,"column":21}},{"start":{},"end":{}}],"line":59},"8":{"loc":{"start":{"line":63,"column":13},"end":{"line":63,"column":59}},"type":"binary-expr","locations":[{"start":{"line":63,"column":13},"end":{"line":63,"column":34}},{"start":{"line":63,"column":38},"end":{"line":63,"column":59}}],"line":63},"9":{"loc":{"start":{"line":68,"column":4},"end":{"line":71,"column":5}},"type":"if","locations":[{"start":{"line":68,"column":4},"end":{"line":71,"column":5}},{"start":{},"end":{}}],"line":68},"10":{"loc":{"start":{"line":68,"column":8},"end":{"line":68,"column":78}},"type":"binary-expr","locations":[{"start":{"line":68,"column":8},"end":{"line":68,"column":40}},{"start":{"line":68,"column":44},"end":{"line":68,"column":78}}],"line":68},"11":{"loc":{"start":{"line":79,"column":4},"end":{"line":135,"column":5}},"type":"if","locations":[{"start":{"line":79,"column":4},"end":{"line":135,"column":5}},{"start":{},"end":{}}],"line":79},"12":{"loc":{"start":{"line":79,"column":8},"end":{"line":79,"column":46}},"type":"binary-expr","locations":[{"start":{"line":79,"column":8},"end":{"line":79,"column":19}},{"start":{"line":79,"column":23},"end":{"line":79,"column":46}}],"line":79},"13":{"loc":{"start":{"line":87,"column":6},"end":{"line":94,"column":7}},"type":"if","locations":[{"start":{"line":87,"column":6},"end":{"line":94,"column":7}},{"start":{},"end":{}}],"line":87},"14":{"loc":{"start":{"line":89,"column":10},"end":{"line":89,"column":37}},"type":"if","locations":[{"start":{"line":89,"column":10},"end":{"line":89,"column":37}},{"start":{},"end":{}}],"line":89},"15":{"loc":{"start":{"line":92,"column":17},"end":{"line":92,"column":58}},"type":"cond-expr","locations":[{"start":{"line":92,"column":43},"end":{"line":92,"column":48}},{"start":{"line":92,"column":51},"end":{"line":92,"column":58}}],"line":92},"16":{"loc":{"start":{"line":97,"column":6},"end":{"line":134,"column":7}},"type":"if","locations":[{"start":{"line":97,"column":6},"end":{"line":134,"column":7}},{"start":{},"end":{}}],"line":97},"17":{"loc":{"start":{"line":97,"column":10},"end":{"line":97,"column":99}},"type":"binary-expr","locations":[{"start":{"line":97,"column":10},"end":{"line":97,"column":22}},{"start":{"line":97,"column":26},"end":{"line":97,"column":46}},{"start":{"line":97,"column":50},"end":{"line":97,"column":99}}],"line":97},"18":{"loc":{"start":{"line":100,"column":10},"end":{"line":100,"column":92}},"type":"if","locations":[{"start":{"line":100,"column":10},"end":{"line":100,"column":92}},{"start":{},"end":{}}],"line":100},"19":{"loc":{"start":{"line":100,"column":14},"end":{"line":100,"column":83}},"type":"binary-expr","locations":[{"start":{"line":100,"column":14},"end":{"line":100,"column":26}},{"start":{"line":100,"column":30},"end":{"line":100,"column":57}},{"start":{"line":100,"column":61},"end":{"line":100,"column":83}}],"line":100},"20":{"loc":{"start":{"line":103,"column":27},"end":{"line":103,"column":61}},"type":"binary-expr","locations":[{"start":{"line":103,"column":27},"end":{"line":103,"column":36}},{"start":{"line":103,"column":40},"end":{"line":103,"column":56}},{"start":{"line":103,"column":60},"end":{"line":103,"column":61}}],"line":103},"21":{"loc":{"start":{"line":107,"column":36},"end":{"line":107,"column":57}},"type":"binary-expr","locations":[{"start":{"line":107,"column":36},"end":{"line":107,"column":45}},{"start":{"line":107,"column":49},"end":{"line":107,"column":57}}],"line":107},"22":{"loc":{"start":{"line":109,"column":31},"end":{"line":109,"column":91}},"type":"binary-expr","locations":[{"start":{"line":109,"column":31},"end":{"line":109,"column":59}},{"start":{"line":109,"column":63},"end":{"line":109,"column":83}},{"start":{"line":109,"column":87},"end":{"line":109,"column":91}}],"line":109},"23":{"loc":{"start":{"line":112,"column":28},"end":{"line":112,"column":60}},"type":"cond-expr","locations":[{"start":{"line":112,"column":43},"end":{"line":112,"column":52}},{"start":{"line":112,"column":55},"end":{"line":112,"column":60}}],"line":112},"24":{"loc":{"start":{"line":113,"column":26},"end":{"line":113,"column":46}},"type":"cond-expr","locations":[{"start":{"line":113,"column":41},"end":{"line":113,"column":42}},{"start":{"line":113,"column":45},"end":{"line":113,"column":46}}],"line":113},"25":{"loc":{"start":{"line":114,"column":26},"end":{"line":114,"column":52}},"type":"cond-expr","locations":[{"start":{"line":114,"column":41},"end":{"line":114,"column":43}},{"start":{"line":114,"column":46},"end":{"line":114,"column":52}}],"line":114},"26":{"loc":{"start":{"line":118,"column":24},"end":{"line":120,"column":60}},"type":"cond-expr","locations":[{"start":{"line":119,"column":14},"end":{"line":119,"column":32}},{"start":{"line":120,"column":15},"end":{"line":120,"column":59}}],"line":118},"27":{"loc":{"start":{"line":120,"column":15},"end":{"line":120,"column":59}},"type":"binary-expr","locations":[{"start":{"line":120,"column":15},"end":{"line":120,"column":38}},{"start":{"line":120,"column":42},"end":{"line":120,"column":59}}],"line":120},"28":{"loc":{"start":{"line":127,"column":26},"end":{"line":127,"column":58}},"type":"cond-expr","locations":[{"start":{"line":127,"column":41},"end":{"line":127,"column":50}},{"start":{"line":127,"column":53},"end":{"line":127,"column":58}}],"line":127},"29":{"loc":{"start":{"line":138,"column":4},"end":{"line":177,"column":5}},"type":"if","locations":[{"start":{"line":138,"column":4},"end":{"line":177,"column":5}},{"start":{},"end":{}}],"line":138},"30":{"loc":{"start":{"line":138,"column":8},"end":{"line":138,"column":41}},"type":"binary-expr","locations":[{"start":{"line":138,"column":8},"end":{"line":138,"column":19}},{"start":{"line":138,"column":23},"end":{"line":138,"column":41}}],"line":138},"31":{"loc":{"start":{"line":142,"column":10},"end":{"line":143,"column":39}},"type":"binary-expr","locations":[{"start":{"line":142,"column":10},"end":{"line":142,"column":36}},{"start":{"line":143,"column":10},"end":{"line":143,"column":39}}],"line":142},"32":{"loc":{"start":{"line":147,"column":8},"end":{"line":147,"column":90}},"type":"if","locations":[{"start":{"line":147,"column":8},"end":{"line":147,"column":90}},{"start":{},"end":{}}],"line":147},"33":{"loc":{"start":{"line":147,"column":12},"end":{"line":147,"column":81}},"type":"binary-expr","locations":[{"start":{"line":147,"column":12},"end":{"line":147,"column":24}},{"start":{"line":147,"column":28},"end":{"line":147,"column":55}},{"start":{"line":147,"column":59},"end":{"line":147,"column":81}}],"line":147},"34":{"loc":{"start":{"line":159,"column":27},"end":{"line":161,"column":14}},"type":"cond-expr","locations":[{"start":{"line":160,"column":12},"end":{"line":160,"column":43}},{"start":{"line":161,"column":12},"end":{"line":161,"column":14}}],"line":159},"35":{"loc":{"start":{"line":159,"column":27},"end":{"line":159,"column":86}},"type":"binary-expr","locations":[{"start":{"line":159,"column":27},"end":{"line":159,"column":57}},{"start":{"line":159,"column":61},"end":{"line":159,"column":86}}],"line":159},"36":{"loc":{"start":{"line":162,"column":55},"end":{"line":162,"column":134}},"type":"cond-expr","locations":[{"start":{"line":162,"column":68},"end":{"line":162,"column":84}},{"start":{"line":162,"column":87},"end":{"line":162,"column":134}}],"line":162},"37":{"loc":{"start":{"line":162,"column":87},"end":{"line":162,"column":134}},"type":"cond-expr","locations":[{"start":{"line":162,"column":106},"end":{"line":162,"column":129}},{"start":{"line":162,"column":132},"end":{"line":162,"column":134}}],"line":162},"38":{"loc":{"start":{"line":184,"column":15},"end":{"line":184,"column":37}},"type":"binary-expr","locations":[{"start":{"line":184,"column":15},"end":{"line":184,"column":30}},{"start":{"line":184,"column":34},"end":{"line":184,"column":37}}],"line":184},"39":{"loc":{"start":{"line":185,"column":16},"end":{"line":185,"column":39}},"type":"binary-expr","locations":[{"start":{"line":185,"column":16},"end":{"line":185,"column":32}},{"start":{"line":185,"column":36},"end":{"line":185,"column":39}}],"line":185}},"s":{"0":0,"1":0,"2":0,"3":0,"4":0,"5":0,"6":0,"7":0,"8":0,"9":0,"10":0,"11":0,"12":0,"13":0,"14":0,"15":0,"16":0,"17":0,"18":0,"19":0,"20":0,"21":0,"22":0,"23":0,"24":0,"25":0,"26":0,"27":0,"28":0,"29":0,"30":0,"31":0,"32":0,"33":0,"34":0,"35":0,"36":0,"37":0,"38":0,"39":0,"40":0,"41":0,"42":0,"43":0,"44":0,"45":0,"46":0,"47":0,"48":0,"49":0,"50":0,"51":0,"52":0,"53":0,"54":0,"55":0,"56":0,"57":0,"58":0,"59":0,"60":0,"61":0,"62":0,"63":0,"64":0,"65":0,"66":0,"67":0,"68":0,"69":0,"70":0,"71":0,"72":0,"73":0,"74":0,"75":0,"76":0,"77":0,"78":0,"79":0},"f":{"0":0,"1":0,"2":0,"3":0,"4":0,"5":0,"6":0,"7":0,"8":0,"9":0},"b":{"0":[0,0],"1":[0],"2":[0],"3":[0],"4":[0],"5":[0,0],"6":[0,0,0],"7":[0,0],"8":[0,0],"9":[0,0],"10":[0,0],"11":[0,0],"12":[0,0],"13":[0,0],"14":[0,0],"15":[0,0],"16":[0,0],"17":[0,0,0],"18":[0,0],"19":[0,0,0],"20":[0,0,0],"21":[0,0],"22":[0,0,0],"23":[0,0],"24":[0,0],"25":[0,0],"26":[0,0],"27":[0,0],"28":[0,0],"29":[0,0],"30":[0,0],"31":[0,0],"32":[0,0],"33":[0,0,0],"34":[0,0],"35":[0,0],"36":[0,0],"37":[0,0],"38":[0,0],"39":[0,0]}}
,"/Users/jesse/Documents/專題/volleyball_analysis_webapp/frontend/src/components/Dashboard.tsx": {"path":"/Users/jesse/Documents/專題/volleyball_analysis_webapp/frontend/src/components/Dashboard.tsx","statementMap":{"0":{"start":{"line":8,"column":35},"end":{"line":187,"column":1}},"1":{"start":{"line":9,"column":30},"end":{"line":9,"column":49}},"2":{"start":{"line":10,"column":32},"end":{"line":10,"column":46}},"3":{"start":{"line":12,"column":2},"end":{"line":38,"column":9}},"4":{"start":{"line":13,"column":20},"end":{"line":13,"column":24}},"5":{"start":{"line":14,"column":23},"end":{"line":31,"column":5}},"6":{"start":{"line":15,"column":6},"end":{"line":30,"column":7}},"7":{"start":{"line":16,"column":20},"end":{"line":16,"column":37}},"8":{"start":{"line":17,"column":8},"end":{"line":19,"column":9}},"9":{"start":{"line":18,"column":10},"end":{"line":18,"column":38}},"10":{"start":{"line":21,"column":8},"end":{"line":21,"column":55}},"11":{"start":{"line":23,"column":8},"end":{"line":25,"column":9}},"12":{"start":{"line":24,"column":10},"end":{"line":24,"column":24}},"13":{"start":{"line":27,"column":8},"end":{"line":29,"column":9}},"14":{"start":{"line":28,"column":10},"end":{"line":28,"column":28}},"15":{"start":{"line":33,"column":4},"end":{"line":33,"column":17}},"16":{"start":{"line":35,"column":4},"end":{"line":37,"column":6}},"17":{"start":{"line":36,"column":6},"end":{"line":36,"column":24}},"18":{"start":{"line":40,"column":16},"end":{"line":45,"column":3}},"19":{"start":{"line":42,"column":34},"end":{"line":42,"column":58}},"20":{"start":{"line":43,"column":35},"end":{"line":43,"column":60}},"21":{"start":{"line":44,"column":31},"end":{"line":44,"column":52}},"22":{"start":{"line":47,"column":2},"end":{"line":186,"column":4}},"23":{"start":{"line":143,"column":16},"end":{"line":179,"column":22}}},"fnMap":{"0":{"name":"(anonymous_0)","decl":{"start":{"line":8,"column":35},"end":{"line":8,"column":36}},"loc":{"start":{"line":8,"column":41},"end":{"line":187,"column":1}},"line":8},"1":{"name":"(anonymous_1)","decl":{"start":{"line":12,"column":12},"end":{"line":12,"column":13}},"loc":{"start":{"line":12,"column":18},"end":{"line":38,"column":3}},"line":12},"2":{"name":"(anonymous_2)","decl":{"start":{"line":14,"column":23},"end":{"line":14,"column":24}},"loc":{"start":{"line":14,"column":35},"end":{"line":31,"column":5}},"line":14},"3":{"name":"(anonymous_3)","decl":{"start":{"line":35,"column":11},"end":{"line":35,"column":12}},"loc":{"start":{"line":35,"column":17},"end":{"line":37,"column":5}},"line":35},"4":{"name":"(anonymous_4)","decl":{"start":{"line":42,"column":29},"end":{"line":42,"column":30}},"loc":{"start":{"line":42,"column":34},"end":{"line":42,"column":58}},"line":42},"5":{"name":"(anonymous_5)","decl":{"start":{"line":43,"column":30},"end":{"line":43,"column":31}},"loc":{"start":{"line":43,"column":35},"end":{"line":43,"column":60}},"line":43},"6":{"name":"(anonymous_6)","decl":{"start":{"line":44,"column":26},"end":{"line":44,"column":27}},"loc":{"start":{"line":44,"column":31},"end":{"line":44,"column":52}},"line":44},"7":{"name":"(anonymous_7)","decl":{"start":{"line":142,"column":38},"end":{"line":142,"column":39}},"loc":{"start":{"line":143,"column":16},"end":{"line":179,"column":22}},"line":143}},"branchMap":{"0":{"loc":{"start":{"line":17,"column":8},"end":{"line":19,"column":9}},"type":"if","locations":[{"start":{"line":17,"column":8},"end":{"line":19,"column":9}},{"start":{},"end":{}}],"line":17},"1":{"loc":{"start":{"line":18,"column":20},"end":{"line":18,"column":36}},"type":"binary-expr","locations":[{"start":{"line":18,"column":20},"end":{"line":18,"column":30}},{"start":{"line":18,"column":34},"end":{"line":18,"column":36}}],"line":18},"2":{"loc":{"start":{"line":23,"column":8},"end":{"line":25,"column":9}},"type":"if","locations":[{"start":{"line":23,"column":8},"end":{"line":25,"column":9}},{"start":{},"end":{}}],"line":23},"3":{"loc":{"start":{"line":27,"column":8},"end":{"line":29,"column":9}},"type":"if","locations":[{"start":{"line":27,"column":8},"end":{"line":29,"column":9}},{"start":{},"end":{}}],"line":27},"4":{"loc":{"start":{"line":60,"column":7},"end":{"line":102,"column":7}},"type":"binary-expr","locations":[{"start":{"line":60,"column":7},"end":{"line":60,"column":15}},{"start":{"line":60,"column":19},"end":{"line":60,"column":36}},{"start":{"line":61,"column":8},"end":{"line":101,"column":18}}],"line":60},"5":{"loc":{"start":{"line":106,"column":9},"end":{"line":110,"column":9}},"type":"binary-expr","locations":[{"start":{"line":106,"column":9},"end":{"line":106,"column":16}},{"start":{"line":107,"column":10},"end":{"line":109,"column":16}}],"line":106},"6":{"loc":{"start":{"line":112,"column":9},"end":{"line":128,"column":9}},"type":"binary-expr","locations":[{"start":{"line":112,"column":9},"end":{"line":112,"column":17}},{"start":{"line":112,"column":21},"end":{"line":112,"column":40}},{"start":{"line":113,"column":10},"end":{"line":127,"column":16}}],"line":112},"7":{"loc":{"start":{"line":130,"column":9},"end":{"line":183,"column":9}},"type":"binary-expr","locations":[{"start":{"line":130,"column":9},"end":{"line":130,"column":17}},{"start":{"line":130,"column":21},"end":{"line":130,"column":38}},{"start":{"line":131,"column":10},"end":{"line":182,"column":13}}],"line":130},"8":{"loc":{"start":{"line":150,"column":128},"end":{"line":150,"column":181}},"type":"binary-expr","locations":[{"start":{"line":150,"column":128},"end":{"line":150,"column":147}},{"start":{"line":150,"column":151},"end":{"line":150,"column":161}},{"start":{"line":150,"column":165},"end":{"line":150,"column":181}}],"line":150},"9":{"loc":{"start":{"line":151,"column":27},"end":{"line":151,"column":80}},"type":"binary-expr","locations":[{"start":{"line":151,"column":27},"end":{"line":151,"column":46}},{"start":{"line":151,"column":50},"end":{"line":151,"column":60}},{"start":{"line":151,"column":64},"end":{"line":151,"column":80}}],"line":151}},"s":{"0":1,"1":3,"2":2,"3":2,"4":2,"5":2,"6":2,"7":2,"8":1,"9":1,"10":0,"11":0,"12":0,"13":1,"14":1,"15":2,"16":2,"17":2,"18":2,"19":0,"20":0,"21":0,"22":2,"23":0},"f":{"0":3,"1":2,"2":2,"3":2,"4":0,"5":0,"6":0,"7":0},"b":{"0":[1,0],"1":[1,0],"2":[0,0],"3":[1,0],"4":[2,0,0],"5":[2,2],"6":[2,0,0],"7":[2,0,0],"8":[0,0,0],"9":[0,0,0]},"_coverageSchema":"1a1c01bbd47fc00a2c39e90264f33305004495a9","hash":"6cbfac8e368b833e3645ef6402e6524ee2785fc4"}
,"/Users/jesse/Documents/專題/volleyball_analysis_webapp/frontend/src/components/EventTimeline.tsx": {"path":"/Users/jesse/Documents/專題/volleyball_analysis_webapp/frontend/src/components/EventTimeline.tsx","statementMap":{"0":{"start":{"line":18,"column":33},"end":{"line":18,"column":34}},"1":{"start":{"line":27,"column":23},"end":{"line":84,"column":1}},"2":{"start":{"line":28,"column":2},"end":{"line":83,"column":3}},"3":{"start":{"line":30,"column":6},"end":{"line":37,"column":8}},"4":{"start":{"line":39,"column":6},"end":{"line":46,"column":8}},"5":{"start":{"line":48,"column":6},"end":{"line":55,"column":8}},"6":{"start":{"line":57,"column":6},"end":{"line":64,"column":8}},"7":{"start":{"line":66,"column":6},"end":{"line":73,"column":8}},"8":{"start":{"line":75,"column":6},"end":{"line":82,"column":8}},"9":{"start":{"line":87,"column":31},"end":{"line":114,"column":1}},"10":{"start":{"line":88,"column":22},"end":{"line":88,"column":67}},"11":{"start":{"line":90,"column":2},"end":{"line":113,"column":4}},"12":{"start":{"line":93,"column":22},"end":{"line":93,"column":44}},"13":{"start":{"line":94,"column":8},"end":{"line":110,"column":10}},"14":{"start":{"line":116,"column":46},"end":{"line":466,"column":1}},"15":{"start":{"line":128,"column":23},"end":{"line":128,"column":57}},"16":{"start":{"line":129,"column":38},"end":{"line":129,"column":59}},"17":{"start":{"line":130,"column":38},"end":{"line":130,"column":52}},"18":{"start":{"line":133,"column":29},"end":{"line":184,"column":36}},"19":{"start":{"line":134,"column":65},"end":{"line":134,"column":67}},"20":{"start":{"line":136,"column":4},"end":{"line":150,"column":7}},"21":{"start":{"line":137,"column":6},"end":{"line":149,"column":7}},"22":{"start":{"line":138,"column":8},"end":{"line":148,"column":11}},"23":{"start":{"line":139,"column":26},"end":{"line":139,"column":35}},"24":{"start":{"line":140,"column":31},"end":{"line":140,"column":51}},"25":{"start":{"line":142,"column":10},"end":{"line":147,"column":11}},"26":{"start":{"line":143,"column":12},"end":{"line":145,"column":13}},"27":{"start":{"line":144,"column":14},"end":{"line":144,"column":41}},"28":{"start":{"line":146,"column":12},"end":{"line":146,"column":97}},"29":{"start":{"line":152,"column":40},"end":{"line":152,"column":42}},"30":{"start":{"line":153,"column":4},"end":{"line":172,"column":7}},"31":{"start":{"line":154,"column":22},"end":{"line":154,"column":40}},"32":{"start":{"line":155,"column":21},"end":{"line":155,"column":42}},"33":{"start":{"line":157,"column":21},"end":{"line":157,"column":22}},"34":{"start":{"line":158,"column":44},"end":{"line":158,"column":48}},"35":{"start":{"line":160,"column":6},"end":{"line":167,"column":9}},"36":{"start":{"line":161,"column":23},"end":{"line":161,"column":40}},"37":{"start":{"line":162,"column":22},"end":{"line":162,"column":36}},"38":{"start":{"line":163,"column":8},"end":{"line":166,"column":9}},"39":{"start":{"line":164,"column":10},"end":{"line":164,"column":27}},"40":{"start":{"line":165,"column":10},"end":{"line":165,"column":36}},"41":{"start":{"line":169,"column":6},"end":{"line":171,"column":7}},"42":{"start":{"line":170,"column":8},"end":{"line":170,"column":40}},"43":{"start":{"line":175,"column":4},"end":{"line":181,"column":7}},"44":{"start":{"line":176,"column":22},"end":{"line":176,"column":40}},"45":{"start":{"line":177,"column":22},"end":{"line":177,"column":48}},"46":{"start":{"line":178,"column":6},"end":{"line":180,"column":7}},"47":{"start":{"line":179,"column":8},"end":{"line":179,"column":45}},"48":{"start":{"line":183,"column":4},"end":{"line":183,"column":15}},"49":{"start":{"line":187,"column":26},"end":{"line":219,"column":25}},"50":{"start":{"line":188,"column":4},"end":{"line":188,"column":40}},"51":{"start":{"line":188,"column":30},"end":{"line":188,"column":40}},"52":{"start":{"line":191,"column":26},"end":{"line":191,"column":72}},"53":{"start":{"line":191,"column":54},"end":{"line":191,"column":71}},"54":{"start":{"line":194,"column":38},"end":{"line":194,"column":40}},"55":{"start":{"line":196,"column":4},"end":{"line":218,"column":7}},"56":{"start":{"line":197,"column":23},"end":{"line":197,"column":54}},"57":{"start":{"line":198,"column":26},"end":{"line":198,"column":61}},"58":{"start":{"line":201,"column":24},"end":{"line":201,"column":25}},"59":{"start":{"line":202,"column":6},"end":{"line":208,"column":7}},"60":{"start":{"line":202,"column":19},"end":{"line":202,"column":20}},"61":{"start":{"line":203,"column":8},"end":{"line":206,"column":9}},"62":{"start":{"line":204,"column":10},"end":{"line":204,"column":26}},"63":{"start":{"line":205,"column":10},"end":{"line":205,"column":16}},"64":{"start":{"line":207,"column":8},"end":{"line":207,"column":28}},"65":{"start":{"line":211,"column":6},"end":{"line":211,"column":49}},"66":{"start":{"line":213,"column":6},"end":{"line":217,"column":8}},"67":{"start":{"line":222,"column":18},"end":{"line":225,"column":23}},"68":{"start":{"line":223,"column":4},"end":{"line":223,"column":47}},"69":{"start":{"line":223,"column":38},"end":{"line":223,"column":47}},"70":{"start":{"line":224,"column":4},"end":{"line":224,"column":60}},"71":{"start":{"line":224,"column":48},"end":{"line":224,"column":53}},"72":{"start":{"line":227,"column":24},"end":{"line":255,"column":3}},"73":{"start":{"line":229,"column":4},"end":{"line":238,"column":5}},"74":{"start":{"line":230,"column":22},"end":{"line":230,"column":40}},"75":{"start":{"line":231,"column":22},"end":{"line":231,"column":48}},"76":{"start":{"line":232,"column":6},"end":{"line":234,"column":7}},"77":{"start":{"line":233,"column":8},"end":{"line":233,"column":30}},"78":{"start":{"line":235,"column":6},"end":{"line":237,"column":7}},"79":{"start":{"line":236,"column":8},"end":{"line":236,"column":43}},"80":{"start":{"line":241,"column":27},"end":{"line":241,"column":79}},"81":{"start":{"line":244,"column":4},"end":{"line":246,"column":5}},"82":{"start":{"line":245,"column":6},"end":{"line":245,"column":28}},"83":{"start":{"line":249,"column":4},"end":{"line":251,"column":5}},"84":{"start":{"line":250,"column":6},"end":{"line":250,"column":48}},"85":{"start":{"line":254,"column":4},"end":{"line":254,"column":58}},"86":{"start":{"line":257,"column":26},"end":{"line":262,"column":3}},"87":{"start":{"line":258,"column":4},"end":{"line":258,"column":31}},"88":{"start":{"line":258,"column":24},"end":{"line":258,"column":31}},"89":{"start":{"line":259,"column":4},"end":{"line":259,"column":23}},"90":{"start":{"line":260,"column":4},"end":{"line":260,"column":24}},"91":{"start":{"line":261,"column":4},"end":{"line":261,"column":18}},"92":{"start":{"line":264,"column":21},"end":{"line":272,"column":29}},"93":{"start":{"line":265,"column":4},"end":{"line":265,"column":38}},"94":{"start":{"line":265,"column":31},"end":{"line":265,"column":38}},"95":{"start":{"line":266,"column":17},"end":{"line":266,"column":61}},"96":{"start":{"line":267,"column":14},"end":{"line":267,"column":35}},"97":{"start":{"line":268,"column":23},"end":{"line":268,"column":63}},"98":{"start":{"line":269,"column":24},"end":{"line":269,"column":57}},"99":{"start":{"line":270,"column":23},"end":{"line":270,"column":40}},"100":{"start":{"line":271,"column":4},"end":{"line":271,"column":23}},"101":{"start":{"line":274,"column":26},"end":{"line":277,"column":30}},"102":{"start":{"line":275,"column":4},"end":{"line":275,"column":28}},"103":{"start":{"line":275,"column":21},"end":{"line":275,"column":28}},"104":{"start":{"line":276,"column":4},"end":{"line":276,"column":18}},"105":{"start":{"line":279,"column":24},"end":{"line":281,"column":8}},"106":{"start":{"line":280,"column":4},"end":{"line":280,"column":25}},"107":{"start":{"line":283,"column":2},"end":{"line":292,"column":51}},"108":{"start":{"line":284,"column":4},"end":{"line":291,"column":5}},"109":{"start":{"line":285,"column":6},"end":{"line":285,"column":60}},"110":{"start":{"line":286,"column":6},"end":{"line":286,"column":56}},"111":{"start":{"line":287,"column":6},"end":{"line":290,"column":8}},"112":{"start":{"line":288,"column":8},"end":{"line":288,"column":65}},"113":{"start":{"line":289,"column":8},"end":{"line":289,"column":61}},"114":{"start":{"line":295,"column":21},"end":{"line":295,"column":23}},"115":{"start":{"line":297,"column":2},"end":{"line":465,"column":4}},"116":{"start":{"line":310,"column":14},"end":{"line":323,"column":16}},"117":{"start":{"line":340,"column":14},"end":{"line":354,"column":23}},"118":{"start":{"line":345,"column":18},"end":{"line":345,"column":40}},"119":{"start":{"line":346,"column":18},"end":{"line":346,"column":38}},"120":{"start":{"line":348,"column":38},"end":{"line":348,"column":59}},"121":{"start":{"line":373,"column":31},"end":{"line":373,"column":57}},"122":{"start":{"line":400,"column":16},"end":{"line":403,"column":18}},"123":{"start":{"line":409,"column":28},"end":{"line":409,"column":52}},"124":{"start":{"line":410,"column":33},"end":{"line":410,"column":55}},"125":{"start":{"line":412,"column":14},"end":{"line":444,"column":16}},"126":{"start":{"line":421,"column":20},"end":{"line":421,"column":42}},"127":{"start":{"line":422,"column":20},"end":{"line":422,"column":40}},"128":{"start":{"line":424,"column":40},"end":{"line":424,"column":61}}},"fnMap":{"0":{"name":"(anonymous_0)","decl":{"start":{"line":27,"column":23},"end":{"line":27,"column":24}},"loc":{"start":{"line":27,"column":44},"end":{"line":84,"column":1}},"line":27},"1":{"name":"(anonymous_1)","decl":{"start":{"line":87,"column":31},"end":{"line":87,"column":32}},"loc":{"start":{"line":87,"column":37},"end":{"line":114,"column":1}},"line":87},"2":{"name":"(anonymous_2)","decl":{"start":{"line":92,"column":23},"end":{"line":92,"column":24}},"loc":{"start":{"line":92,"column":33},"end":{"line":111,"column":7}},"line":92},"3":{"name":"(anonymous_3)","decl":{"start":{"line":116,"column":46},"end":{"line":116,"column":47}},"loc":{"start":{"line":127,"column":6},"end":{"line":466,"column":1}},"line":127},"4":{"name":"(anonymous_4)","decl":{"start":{"line":133,"column":37},"end":{"line":133,"column":38}},"loc":{"start":{"line":133,"column":43},"end":{"line":184,"column":3}},"line":133},"5":{"name":"(anonymous_5)","decl":{"start":{"line":136,"column":25},"end":{"line":136,"column":26}},"loc":{"start":{"line":136,"column":41},"end":{"line":150,"column":5}},"line":136},"6":{"name":"(anonymous_6)","decl":{"start":{"line":138,"column":30},"end":{"line":138,"column":31}},"loc":{"start":{"line":138,"column":47},"end":{"line":148,"column":9}},"line":138},"7":{"name":"(anonymous_7)","decl":{"start":{"line":153,"column":38},"end":{"line":153,"column":39}},"loc":{"start":{"line":153,"column":52},"end":{"line":172,"column":5}},"line":153},"8":{"name":"(anonymous_8)","decl":{"start":{"line":160,"column":34},"end":{"line":160,"column":35}},"loc":{"start":{"line":160,"column":47},"end":{"line":167,"column":7}},"line":160},"9":{"name":"(anonymous_9)","decl":{"start":{"line":175,"column":40},"end":{"line":175,"column":41}},"loc":{"start":{"line":175,"column":54},"end":{"line":181,"column":5}},"line":175},"10":{"name":"(anonymous_10)","decl":{"start":{"line":187,"column":34},"end":{"line":187,"column":35}},"loc":{"start":{"line":187,"column":57},"end":{"line":219,"column":3}},"line":187},"11":{"name":"(anonymous_11)","decl":{"start":{"line":191,"column":44},"end":{"line":191,"column":45}},"loc":{"start":{"line":191,"column":54},"end":{"line":191,"column":71}},"line":191},"12":{"name":"(anonymous_12)","decl":{"start":{"line":196,"column":29},"end":{"line":196,"column":30}},"loc":{"start":{"line":196,"column":41},"end":{"line":218,"column":5}},"line":196},"13":{"name":"(anonymous_13)","decl":{"start":{"line":222,"column":26},"end":{"line":222,"column":27}},"loc":{"start":{"line":222,"column":32},"end":{"line":225,"column":3}},"line":222},"14":{"name":"(anonymous_14)","decl":{"start":{"line":224,"column":43},"end":{"line":224,"column":44}},"loc":{"start":{"line":224,"column":48},"end":{"line":224,"column":53}},"line":224},"15":{"name":"(anonymous_15)","decl":{"start":{"line":227,"column":24},"end":{"line":227,"column":25}},"loc":{"start":{"line":227,"column":54},"end":{"line":255,"column":3}},"line":227},"16":{"name":"(anonymous_16)","decl":{"start":{"line":257,"column":26},"end":{"line":257,"column":27}},"loc":{"start":{"line":257,"column":51},"end":{"line":262,"column":3}},"line":257},"17":{"name":"(anonymous_17)","decl":{"start":{"line":264,"column":39},"end":{"line":264,"column":40}},"loc":{"start":{"line":264,"column":77},"end":{"line":272,"column":3}},"line":264},"18":{"name":"(anonymous_18)","decl":{"start":{"line":274,"column":44},"end":{"line":274,"column":45}},"loc":{"start":{"line":274,"column":63},"end":{"line":277,"column":3}},"line":274},"19":{"name":"(anonymous_19)","decl":{"start":{"line":279,"column":42},"end":{"line":279,"column":43}},"loc":{"start":{"line":279,"column":48},"end":{"line":281,"column":3}},"line":279},"20":{"name":"(anonymous_20)","decl":{"start":{"line":283,"column":18},"end":{"line":283,"column":19}},"loc":{"start":{"line":283,"column":24},"end":{"line":292,"column":3}},"line":283},"21":{"name":"(anonymous_21)","decl":{"start":{"line":287,"column":13},"end":{"line":287,"column":14}},"loc":{"start":{"line":287,"column":19},"end":{"line":290,"column":7}},"line":287},"22":{"name":"(anonymous_22)","decl":{"start":{"line":309,"column":28},"end":{"line":309,"column":29}},"loc":{"start":{"line":310,"column":14},"end":{"line":323,"column":16}},"line":310},"23":{"name":"(anonymous_23)","decl":{"start":{"line":339,"column":24},"end":{"line":339,"column":25}},"loc":{"start":{"line":340,"column":14},"end":{"line":354,"column":23}},"line":340},"24":{"name":"(anonymous_24)","decl":{"start":{"line":344,"column":25},"end":{"line":344,"column":26}},"loc":{"start":{"line":344,"column":34},"end":{"line":347,"column":17}},"line":344},"25":{"name":"(anonymous_25)","decl":{"start":{"line":348,"column":29},"end":{"line":348,"column":30}},"loc":{"start":{"line":348,"column":38},"end":{"line":348,"column":59}},"line":348},"26":{"name":"(anonymous_26)","decl":{"start":{"line":373,"column":25},"end":{"line":373,"column":26}},"loc":{"start":{"line":373,"column":31},"end":{"line":373,"column":57}},"line":373},"27":{"name":"(anonymous_27)","decl":{"start":{"line":399,"column":34},"end":{"line":399,"column":35}},"loc":{"start":{"line":400,"column":16},"end":{"line":403,"column":18}},"line":400},"28":{"name":"(anonymous_28)","decl":{"start":{"line":408,"column":33},"end":{"line":408,"column":34}},"loc":{"start":{"line":408,"column":66},"end":{"line":445,"column":13}},"line":408},"29":{"name":"(anonymous_29)","decl":{"start":{"line":420,"column":27},"end":{"line":420,"column":28}},"loc":{"start":{"line":420,"column":36},"end":{"line":423,"column":19}},"line":420},"30":{"name":"(anonymous_30)","decl":{"start":{"line":424,"column":31},"end":{"line":424,"column":32}},"loc":{"start":{"line":424,"column":40},"end":{"line":424,"column":61}},"line":424}},"branchMap":{"0":{"loc":{"start":{"line":28,"column":2},"end":{"line":83,"column":3}},"type":"switch","locations":[{"start":{"line":29,"column":4},"end":{"line":37,"column":8}},{"start":{"line":38,"column":4},"end":{"line":46,"column":8}},{"start":{"line":47,"column":4},"end":{"line":55,"column":8}},{"start":{"line":56,"column":4},"end":{"line":64,"column":8}},{"start":{"line":65,"column":4},"end":{"line":73,"column":8}},{"start":{"line":74,"column":4},"end":{"line":82,"column":8}}],"line":28},"1":{"loc":{"start":{"line":96,"column":13},"end":{"line":107,"column":13}},"type":"cond-expr","locations":[{"start":{"line":97,"column":14},"end":{"line":101,"column":16}},{"start":{"line":103,"column":14},"end":{"line":106,"column":16}}],"line":96},"2":{"loc":{"start":{"line":117,"column":2},"end":{"line":117,"column":14}},"type":"default-arg","locations":[{"start":{"line":117,"column":12},"end":{"line":117,"column":14}}],"line":117},"3":{"loc":{"start":{"line":118,"column":2},"end":{"line":118,"column":13}},"type":"default-arg","locations":[{"start":{"line":118,"column":11},"end":{"line":118,"column":13}}],"line":118},"4":{"loc":{"start":{"line":119,"column":2},"end":{"line":119,"column":17}},"type":"default-arg","locations":[{"start":{"line":119,"column":15},"end":{"line":119,"column":17}}],"line":119},"5":{"loc":{"start":{"line":121,"column":2},"end":{"line":121,"column":18}},"type":"default-arg","locations":[{"start":{"line":121,"column":17},"end":{"line":121,"column":18}}],"line":121},"6":{"loc":{"start":{"line":123,"column":2},"end":{"line":123,"column":10}},"type":"default-arg","locations":[{"start":{"line":123,"column":8},"end":{"line":123,"column":10}}],"line":123},"7":{"loc":{"start":{"line":124,"column":2},"end":{"line":124,"column":18}},"type":"default-arg","locations":[{"start":{"line":124,"column":16},"end":{"line":124,"column":18}}],"line":124},"8":{"loc":{"start":{"line":125,"column":2},"end":{"line":125,"column":19}},"type":"default-arg","locations":[{"start":{"line":125,"column":17},"end":{"line":125,"column":19}}],"line":125},"9":{"loc":{"start":{"line":126,"column":2},"end":{"line":126,"column":21}},"type":"default-arg","locations":[{"start":{"line":126,"column":19},"end":{"line":126,"column":21}}],"line":126},"10":{"loc":{"start":{"line":137,"column":6},"end":{"line":149,"column":7}},"type":"if","locations":[{"start":{"line":137,"column":6},"end":{"line":149,"column":7}},{"start":{},"end":{}}],"line":137},"11":{"loc":{"start":{"line":142,"column":10},"end":{"line":147,"column":11}},"type":"if","locations":[{"start":{"line":142,"column":10},"end":{"line":147,"column":11}},{"start":{},"end":{}}],"line":142},"12":{"loc":{"start":{"line":142,"column":14},"end":{"line":142,"column":93}},"type":"binary-expr","locations":[{"start":{"line":142,"column":14},"end":{"line":142,"column":40}},{"start":{"line":142,"column":44},"end":{"line":142,"column":65}},{"start":{"line":142,"column":69},"end":{"line":142,"column":93}}],"line":142},"13":{"loc":{"start":{"line":143,"column":12},"end":{"line":145,"column":13}},"type":"if","locations":[{"start":{"line":143,"column":12},"end":{"line":145,"column":13}},{"start":{},"end":{}}],"line":143},"14":{"loc":{"start":{"line":146,"column":51},"end":{"line":146,"column":91}},"type":"binary-expr","locations":[{"start":{"line":146,"column":51},"end":{"line":146,"column":86}},{"start":{"line":146,"column":90},"end":{"line":146,"column":91}}],"line":146},"15":{"loc":{"start":{"line":163,"column":8},"end":{"line":166,"column":9}},"type":"if","locations":[{"start":{"line":163,"column":8},"end":{"line":166,"column":9}},{"start":{},"end":{}}],"line":163},"16":{"loc":{"start":{"line":169,"column":6},"end":{"line":171,"column":7}},"type":"if","locations":[{"start":{"line":169,"column":6},"end":{"line":171,"column":7}},{"start":{},"end":{}}],"line":169},"17":{"loc":{"start":{"line":178,"column":6},"end":{"line":180,"column":7}},"type":"if","locations":[{"start":{"line":178,"column":6},"end":{"line":180,"column":7}},{"start":{},"end":{}}],"line":178},"18":{"loc":{"start":{"line":178,"column":10},"end":{"line":178,"column":90}},"type":"binary-expr","locations":[{"start":{"line":178,"column":10},"end":{"line":178,"column":17}},{"start":{"line":178,"column":21},"end":{"line":178,"column":56}},{"start":{"line":178,"column":60},"end":{"line":178,"column":90}}],"line":178},"19":{"loc":{"start":{"line":188,"column":4},"end":{"line":188,"column":40}},"type":"if","locations":[{"start":{"line":188,"column":4},"end":{"line":188,"column":40}},{"start":{},"end":{}}],"line":188},"20":{"loc":{"start":{"line":203,"column":8},"end":{"line":206,"column":9}},"type":"if","locations":[{"start":{"line":203,"column":8},"end":{"line":206,"column":9}},{"start":{},"end":{}}],"line":203},"21":{"loc":{"start":{"line":223,"column":4},"end":{"line":223,"column":47}},"type":"if","locations":[{"start":{"line":223,"column":4},"end":{"line":223,"column":47}},{"start":{},"end":{}}],"line":223},"22":{"loc":{"start":{"line":232,"column":6},"end":{"line":234,"column":7}},"type":"if","locations":[{"start":{"line":232,"column":6},"end":{"line":234,"column":7}},{"start":{},"end":{}}],"line":232},"23":{"loc":{"start":{"line":232,"column":10},"end":{"line":232,"column":55}},"type":"binary-expr","locations":[{"start":{"line":232,"column":10},"end":{"line":232,"column":17}},{"start":{"line":232,"column":21},"end":{"line":232,"column":55}}],"line":232},"24":{"loc":{"start":{"line":235,"column":6},"end":{"line":237,"column":7}},"type":"if","locations":[{"start":{"line":235,"column":6},"end":{"line":237,"column":7}},{"start":{},"end":{}}],"line":235},"25":{"loc":{"start":{"line":235,"column":10},"end":{"line":235,"column":114}},"type":"binary-expr","locations":[{"start":{"line":235,"column":10},"end":{"line":235,"column":30}},{"start":{"line":235,"column":34},"end":{"line":235,"column":41}},{"start":{"line":235,"column":45},"end":{"line":235,"column":80}},{"start":{"line":235,"column":84},"end":{"line":235,"column":114}}],"line":235},"26":{"loc":{"start":{"line":244,"column":4},"end":{"line":246,"column":5}},"type":"if","locations":[{"start":{"line":244,"column":4},"end":{"line":246,"column":5}},{"start":{},"end":{}}],"line":244},"27":{"loc":{"start":{"line":249,"column":4},"end":{"line":251,"column":5}},"type":"if","locations":[{"start":{"line":249,"column":4},"end":{"line":251,"column":5}},{"start":{},"end":{}}],"line":249},"28":{"loc":{"start":{"line":254,"column":11},"end":{"line":254,"column":57}},"type":"binary-expr","locations":[{"start":{"line":254,"column":11},"end":{"line":254,"column":32}},{"start":{"line":254,"column":36},"end":{"line":254,"column":57}}],"line":254},"29":{"loc":{"start":{"line":258,"column":4},"end":{"line":258,"column":31}},"type":"if","locations":[{"start":{"line":258,"column":4},"end":{"line":258,"column":31}},{"start":{},"end":{}}],"line":258},"30":{"loc":{"start":{"line":265,"column":4},"end":{"line":265,"column":38}},"type":"if","locations":[{"start":{"line":265,"column":4},"end":{"line":265,"column":38}},{"start":{},"end":{}}],"line":265},"31":{"loc":{"start":{"line":275,"column":4},"end":{"line":275,"column":28}},"type":"if","locations":[{"start":{"line":275,"column":4},"end":{"line":275,"column":28}},{"start":{},"end":{}}],"line":275},"32":{"loc":{"start":{"line":284,"column":4},"end":{"line":291,"column":5}},"type":"if","locations":[{"start":{"line":284,"column":4},"end":{"line":291,"column":5}},{"start":{},"end":{}}],"line":284},"33":{"loc":{"start":{"line":300,"column":7},"end":{"line":332,"column":7}},"type":"binary-expr","locations":[{"start":{"line":300,"column":7},"end":{"line":300,"column":28}},{"start":{"line":301,"column":8},"end":{"line":331,"column":14}}],"line":300},"34":{"loc":{"start":{"line":307,"column":29},"end":{"line":307,"column":64}},"type":"cond-expr","locations":[{"start":{"line":307,"column":42},"end":{"line":307,"column":52}},{"start":{"line":307,"column":55},"end":{"line":307,"column":64}}],"line":307},"35":{"loc":{"start":{"line":316,"column":64},"end":{"line":320,"column":57}},"type":"cond-expr","locations":[{"start":{"line":317,"column":20},"end":{"line":317,"column":53}},{"start":{"line":318,"column":20},"end":{"line":320,"column":57}}],"line":316},"36":{"loc":{"start":{"line":318,"column":20},"end":{"line":320,"column":57}},"type":"cond-expr","locations":[{"start":{"line":319,"column":22},"end":{"line":319,"column":53}},{"start":{"line":320,"column":22},"end":{"line":320,"column":57}}],"line":318},"37":{"loc":{"start":{"line":335,"column":7},"end":{"line":358,"column":7}},"type":"binary-expr","locations":[{"start":{"line":335,"column":7},"end":{"line":335,"column":24}},{"start":{"line":336,"column":8},"end":{"line":357,"column":14}}],"line":335},"38":{"loc":{"start":{"line":361,"column":7},"end":{"line":463,"column":7}},"type":"binary-expr","locations":[{"start":{"line":361,"column":7},"end":{"line":361,"column":25}},{"start":{"line":362,"column":8},"end":{"line":462,"column":14}}],"line":361},"39":{"loc":{"start":{"line":376,"column":17},"end":{"line":386,"column":17}},"type":"cond-expr","locations":[{"start":{"line":377,"column":18},"end":{"line":380,"column":21}},{"start":{"line":382,"column":18},"end":{"line":385,"column":21}}],"line":376},"40":{"loc":{"start":{"line":394,"column":22},"end":{"line":394,"column":89}},"type":"cond-expr","locations":[{"start":{"line":394,"column":35},"end":{"line":394,"column":80}},{"start":{"line":394,"column":83},"end":{"line":394,"column":89}}],"line":394},"41":{"loc":{"start":{"line":410,"column":33},"end":{"line":410,"column":55}},"type":"cond-expr","locations":[{"start":{"line":410,"column":46},"end":{"line":410,"column":51}},{"start":{"line":410,"column":54},"end":{"line":410,"column":55}}],"line":410},"42":{"loc":{"start":{"line":425,"column":85},"end":{"line":425,"column":139}},"type":"cond-expr","locations":[{"start":{"line":425,"column":99},"end":{"line":425,"column":134}},{"start":{"line":425,"column":137},"end":{"line":425,"column":139}}],"line":425},"43":{"loc":{"start":{"line":427,"column":19},"end":{"line":437,"column":19}},"type":"cond-expr","locations":[{"start":{"line":428,"column":20},"end":{"line":432,"column":22}},{"start":{"line":434,"column":20},"end":{"line":436,"column":27}}],"line":427},"44":{"loc":{"start":{"line":438,"column":19},"end":{"line":442,"column":19}},"type":"binary-expr","locations":[{"start":{"line":438,"column":19},"end":{"line":438,"column":30}},{"start":{"line":439,"column":20},"end":{"line":441,"column":27}}],"line":438},"45":{"loc":{"start":{"line":457,"column":11},"end":{"line":461,"column":11}},"type":"binary-expr","locations":[{"start":{"line":457,"column":11},"end":{"line":457,"column":22}},{"start":{"line":457,"column":26},"end":{"line":457,"column":37}},{"start":{"line":458,"column":12},"end":{"line":460,"column":18}}],"line":457}},"s":{"0":0,"1":0,"2":0,"3":0,"4":0,"5":0,"6":0,"7":0,"8":0,"9":0,"10":0,"11":0,"12":0,"13":0,"14":0,"15":0,"16":0,"17":0,"18":0,"19":0,"20":0,"21":0,"22":0,"23":0,"24":0,"25":0,"26":0,"27":0,"28":0,"29":0,"30":0,"31":0,"32":0,"33":0,"34":0,"35":0,"36":0,"37":0,"38":0,"39":0,"40":0,"41":0,"42":0,"43":0,"44":0,"45":0,"46":0,"47":0,"48":0,"49":0,"50":0,"51":0,"52":0,"53":0,"54":0,"55":0,"56":0,"57":0,"58":0,"59":0,"60":0,"61":0,"62":0,"63":0,"64":0,"65":0,"66":0,"67":0,"68":0,"69":0,"70":0,"71":0,"72":0,"73":0,"74":0,"75":0,"76":0,"77":0,"78":0,"79":0,"80":0,"81":0,"82":0,"83":0,"84":0,"85":0,"86":0,"87":0,"88":0,"89":0,"90":0,"91":0,"92":0,"93":0,"94":0,"95":0,"96":0,"97":0,"98":0,"99":0,"100":0,"101":0,"102":0,"103":0,"104":0,"105":0,"106":0,"107":0,"108":0,"109":0,"110":0,"111":0,"112":0,"113":0,"114":0,"115":0,"116":0,"117":0,"118":0,"119":0,"120":0,"121":0,"122":0,"123":0,"124":0,"125":0,"126":0,"127":0,"128":0},"f":{"0":0,"1":0,"2":0,"3":0,"4":0,"5":0,"6":0,"7":0,"8":0,"9":0,"10":0,"11":0,"12":0,"13":0,"14":0,"15":0,"16":0,"17":0,"18":0,"19":0,"20":0,"21":0,"22":0,"23":0,"24":0,"25":0,"26":0,"27":0,"28":0,"29":0,"30":0},"b":{"0":[0,0,0,0,0,0],"1":[0,0],"2":[0],"3":[0],"4":[0],"5":[0],"6":[0],"7":[0],"8":[0],"9":[0],"10":[0,0],"11":[0,0],"12":[0,0,0],"13":[0,0],"14":[0,0],"15":[0,0],"16":[0,0],"17":[0,0],"18":[0,0,0],"19":[0,0],"20":[0,0],"21":[0,0],"22":[0,0],"23":[0,0],"24":[0,0],"25":[0,0,0,0],"26":[0,0],"27":[0,0],"28":[0,0],"29":[0,0],"30":[0,0],"31":[0,0],"32":[0,0],"33":[0,0],"34":[0,0],"35":[0,0],"36":[0,0],"37":[0,0],"38":[0,0],"39":[0,0],"40":[0,0],"41":[0,0],"42":[0,0],"43":[0,0],"44":[0,0],"45":[0,0,0]}}
,"/Users/jesse/Documents/專題/volleyball_analysis_webapp/frontend/src/components/PlaySelector.tsx": {"path":"/Users/jesse/Documents/專題/volleyball_analysis_webapp/frontend/src/components/PlaySelector.tsx","statementMap":{"0":{"start":{"line":22,"column":57},"end":{"line":140,"column":1}},"1":{"start":{"line":28,"column":21},"end":{"line":32,"column":3}},"2":{"start":{"line":29,"column":17},"end":{"line":29,"column":41}},"3":{"start":{"line":30,"column":17},"end":{"line":30,"column":41}},"4":{"start":{"line":31,"column":4},"end":{"line":31,"column":57}},"5":{"start":{"line":34,"column":25},"end":{"line":43,"column":3}},"6":{"start":{"line":35,"column":25},"end":{"line":35,"column":54}},"7":{"start":{"line":36,"column":4},"end":{"line":41,"column":5}},"8":{"start":{"line":36,"column":17},"end":{"line":36,"column":18}},"9":{"start":{"line":37,"column":19},"end":{"line":37,"column":27}},"10":{"start":{"line":38,"column":6},"end":{"line":40,"column":7}},"11":{"start":{"line":39,"column":8},"end":{"line":39,"column":17}},"12":{"start":{"line":42,"column":4},"end":{"line":42,"column":16}},"13":{"start":{"line":45,"column":27},"end":{"line":45,"column":43}},"14":{"start":{"line":47,"column":2},"end":{"line":53,"column":3}},"15":{"start":{"line":48,"column":4},"end":{"line":52,"column":6}},"16":{"start":{"line":55,"column":2},"end":{"line":139,"column":4}},"17":{"start":{"line":67,"column":28},"end":{"line":67,"column":54}},"18":{"start":{"line":68,"column":27},"end":{"line":68,"column":64}},"19":{"start":{"line":70,"column":10},"end":{"line":135,"column":12}},"20":{"start":{"line":73,"column":29},"end":{"line":73,"column":57}},"21":{"start":{"line":116,"column":24},"end":{"line":121,"column":31}}},"fnMap":{"0":{"name":"(anonymous_0)","decl":{"start":{"line":22,"column":57},"end":{"line":22,"column":58}},"loc":{"start":{"line":27,"column":6},"end":{"line":140,"column":1}},"line":27},"1":{"name":"(anonymous_1)","decl":{"start":{"line":28,"column":21},"end":{"line":28,"column":22}},"loc":{"start":{"line":28,"column":50},"end":{"line":32,"column":3}},"line":28},"2":{"name":"(anonymous_2)","decl":{"start":{"line":34,"column":25},"end":{"line":34,"column":26}},"loc":{"start":{"line":34,"column":46},"end":{"line":43,"column":3}},"line":34},"3":{"name":"(anonymous_3)","decl":{"start":{"line":66,"column":19},"end":{"line":66,"column":20}},"loc":{"start":{"line":66,"column":36},"end":{"line":136,"column":9}},"line":66},"4":{"name":"(anonymous_4)","decl":{"start":{"line":73,"column":23},"end":{"line":73,"column":24}},"loc":{"start":{"line":73,"column":29},"end":{"line":73,"column":57}},"line":73},"5":{"name":"(anonymous_5)","decl":{"start":{"line":115,"column":52},"end":{"line":115,"column":53}},"loc":{"start":{"line":116,"column":24},"end":{"line":121,"column":31}},"line":116}},"branchMap":{"0":{"loc":{"start":{"line":38,"column":6},"end":{"line":40,"column":7}},"type":"if","locations":[{"start":{"line":38,"column":6},"end":{"line":40,"column":7}},{"start":{},"end":{}}],"line":38},"1":{"loc":{"start":{"line":38,"column":10},"end":{"line":38,"column":76}},"type":"binary-expr","locations":[{"start":{"line":38,"column":10},"end":{"line":38,"column":42}},{"start":{"line":38,"column":46},"end":{"line":38,"column":76}}],"line":38},"2":{"loc":{"start":{"line":47,"column":2},"end":{"line":53,"column":3}},"type":"if","locations":[{"start":{"line":47,"column":2},"end":{"line":53,"column":3}},{"start":{},"end":{}}],"line":47},"3":{"loc":{"start":{"line":68,"column":27},"end":{"line":68,"column":64}},"type":"binary-expr","locations":[{"start":{"line":68,"column":27},"end":{"line":68,"column":38}},{"start":{"line":68,"column":42},"end":{"line":68,"column":64}}],"line":68},"4":{"loc":{"start":{"line":77,"column":18},"end":{"line":77,"column":76}},"type":"cond-expr","locations":[{"start":{"line":77,"column":30},"end":{"line":77,"column":71}},{"start":{"line":77,"column":74},"end":{"line":77,"column":76}}],"line":77},"5":{"loc":{"start":{"line":86,"column":21},"end":{"line":90,"column":21}},"type":"binary-expr","locations":[{"start":{"line":86,"column":21},"end":{"line":86,"column":30}},{"start":{"line":87,"column":
[...]
2}}],"line":121},"15":{"loc":{"start":{"line":153,"column":4},"end":{"line":163,"column":5}},"type":"switch","locations":[{"start":{"line":154,"column":6},"end":{"line":154,"column":23}},{"start":{"line":155,"column":6},"end":{"line":156,"column":74}},{"start":{"line":157,"column":6},"end":{"line":158,"column":66}},{"start":{"line":159,"column":6},"end":{"line":160,"column":64}},{"start":{"line":161,"column":6},"end":{"line":162,"column":60}}],"line":153},"16":{"loc":{"start":{"line":167,"column":4},"end":{"line":177,"column":5}},"type":"switch","locations":[{"start":{"line":168,"column":6},"end":{"line":168,"column":23}},{"start":{"line":169,"column":6},"end":{"line":170,"column":44}},{"start":{"line":171,"column":6},"end":{"line":172,"column":46}},{"start":{"line":173,"column":6},"end":{"line":174,"column":42}},{"start":{"line":175,"column":6},"end":{"line":176,"column":42}}],"line":167},"17":{"loc":{"start":{"line":198,"column":16},"end":{"line":200,"column":34}},"type":"cond-expr","locations":[{"start":{"line":199,"column":18},"end":{"line":199,"column":92}},{"start":{"line":200,"column":18},"end":{"line":200,"column":34}}],"line":198},"18":{"loc":{"start":{"line":202,"column":16},"end":{"line":202,"column":109}},"type":"cond-expr","locations":[{"start":{"line":202,"column":49},"end":{"line":202,"column":104}},{"start":{"line":202,"column":107},"end":{"line":202,"column":109}}],"line":202},"19":{"loc":{"start":{"line":214,"column":24},"end":{"line":214,"column":98}},"type":"binary-expr","locations":[{"start":{"line":214,"column":24},"end":{"line":214,"column":59}},{"start":{"line":214,"column":63},"end":{"line":214,"column":98}}],"line":214},"20":{"loc":{"start":{"line":227,"column":17},"end":{"line":249,"column":24}},"type":"cond-expr","locations":[{"start":{"line":228,"column":18},"end":{"line":238,"column":24}},{"start":{"line":239,"column":20},"end":{"line":249,"column":24}}],"line":227},"21":{"loc":{"start":{"line":227,"column":17},"end":{"line":227,"column":91}},"type":"binary-expr","locations":[{"start":{"line":227,"column":17},"end":{"line":227,"column":52}},{"start":{"line":227,"column":56},"end":{"line":227,"column":91}}],"line":227},"22":{"loc":{"start":{"line":239,"column":20},"end":{"line":249,"column":24}},"type":"cond-expr","locations":[{"start":{"line":240,"column":18},"end":{"line":248,"column":24}},{"start":{"line":249,"column":20},"end":{"line":249,"column":24}}],"line":239},"23":{"loc":{"start":{"line":269,"column":11},"end":{"line":299,"column":11}},"type":"binary-expr","locations":[{"start":{"line":269,"column":11},"end":{"line":269,"column":46}},{"start":{"line":269,"column":50},"end":{"line":269,"column":70}},{"start":{"line":270,"column":12},"end":{"line":298,"column":18}}],"line":269}},"s":{"0":0,"1":0,"2":0,"3":0,"4":0,"5":0,"6":0,"7":0,"8":0,"9":0,"10":0,"11":0,"12":0,"13":0,"14":0,"15":0,"16":0,"17":0,"18":0,"19":0,"20":0,"21":0,"22":0,"23":0,"24":0,"25":0,"26":0,"27":0,"28":0,"29":0,"30":0,"31":0,"32":0,"33":0,"34":0,"35":0,"36":0,"37":0,"38":0,"39":0,"40":0,"41":0,"42":0,"43":0,"44":0,"45":0,"46":0,"47":0,"48":0,"49":0,"50":0,"51":0,"52":0,"53":0,"54":0,"55":0,"56":0,"57":0,"58":0,"59":0,"60":0,"61":0,"62":0,"63":0,"64":0,"65":0,"66":0,"67":0,"68":0,"69":0,"70":0,"71":0,"72":0,"73":0,"74":0,"75":0,"76":0},"f":{"0":0,"1":0,"2":0,"3":0,"4":0,"5":0,"6":0,"7":0,"8":0,"9":0,"10":0,"11":0,"12":0},"b":{"0":[0,0],"1":[0,0],"2":[0,0],"3":[0,0],"4":[0,0],"5":[0,0],"6":[0,0],"7":[0,0],"8":[0,0],"9":[0,0],"10":[0,0],"11":[0,0],"12":[0,0],"13":[0,0],"14":[0,0],"15":[0,0,0,0,0],"16":[0,0,0,0,0],"17":[0,0],"18":[0,0],"19":[0,0],"20":[0,0],"21":[0,0],"22":[0,0],"23":[0,0,0]}}
,"/Users/jesse/Documents/專題/volleyball_analysis_webapp/frontend/src/components/icons/VolleyballIcons.tsx": {"path":"/Users/jesse/Documents/專題/volleyball_analysis_webapp/frontend/src/components/icons/VolleyballIcons.tsx","statementMap":{"0":{"start":{"line":9,"column":46},"end":{"line":23,"column":1}},"1":{"start":{"line":10,"column":4},"end":{"line":22,"column":10}},"2":{"start":{"line":26,"column":44},"end":{"line":41,"column":1}},"3":{"start":{"line":27,"column":4},"end":{"line":40,"column":10}},"4":{"start":{"line":44,"column":48},"end":{"line":58,"column":1}},"5":{"start":{"line":45,"column":4},"end":{"line":57,"column":10}},"6":{"start":{"line":61,"column":46},"end":{"line":76,"column":1}},"7":{"start":{"line":62,"column":4},"end":{"line":75,"column":10}},"8":{"start":{"line":79,"column":46},"end":{"line":95,"column":1}},"9":{"start":{"line":80,"column":4},"end":{"line":94,"column":10}},"10":{"start":{"line":98,"column":46},"end":{"line":108,"column":1}},"11":{"start":{"line":99,"column":4},"end":{"line":107,"column":10}}},"fnMap":{"0":{"name":"(anonymous_0)","decl":{"start":{"line":9,"column":46},"end":{"line":9,"column":47}},"loc":{"start":{"line":10,"column":4},"end":{"line":22,"column":10}},"line":10},"1":{"name":"(anonymous_1)","decl":{"start":{"line":26,"column":44},"end":{"line":26,"column":45}},"loc":{"start":{"line":27,"column":4},"end":{"line":40,"column":10}},"line":27},"2":{"name":"(anonymous_2)","decl":{"start":{"line":44,"column":48},"end":{"line":44,"column":49}},"loc":{"start":{"line":45,"column":4},"end":{"line":57,"column":10}},"line":45},"3":{"name":"(anonymous_3)","decl":{"start":{"line":61,"column":46},"end":{"line":61,"column":47}},"loc":{"start":{"line":62,"column":4},"end":{"line":75,"column":10}},"line":62},"4":{"name":"(anonymous_4)","decl":{"start":{"line":79,"column":46},"end":{"line":79,"column":47}},"loc":{"start":{"line":80,"column":4},"end":{"line":94,"column":10}},"line":80},"5":{"name":"(anonymous_5)","decl":{"start":{"line":98,"column":46},"end":{"line":98,"column":47}},"loc":{"start":{"line":99,"column":4},"end":{"line":107,"column":10}},"line":99}},"branchMap":{"0":{"loc":{"start":{"line":9,"column":49},"end":{"line":9,"column":63}},"type":"default-arg","locations":[{"start":{"line":9,"column":61},"end":{"line":9,"column":63}}],"line":9},"1":{"loc":{"start":{"line":9,"column":65},"end":{"line":9,"column":74}},"type":"default-arg","locations":[{"start":{"line":9,"column":72},"end":{"line":9,"column":74}}],"line":9},"2":{"loc":{"start":{"line":26,"column":47},"end":{"line":26,"column":61}},"type":"default-arg","locations":[{"start":{"line":26,"column":59},"end":{"line":26,"column":61}}],"line":26},"3":{"loc":{"start":{"line":26,"column":63},"end":{"line":26,"column":72}},"type":"default-arg","locations":[{"start":{"line":26,"column":70},"end":{"line":26,"column":72}}],"line":26},"4":{"loc":{"start":{"line":44,"column":51},"end":{"line":44,"column":65}},"type":"default-arg","locations":[{"start":{"line":44,"column":63},"end":{"line":44,"column":65}}],"line":44},"5":{"loc":{"start":{"line":44,"column":67},"end":{"line":44,"column":76}},"type":"default-arg","locations":[{"start":{"line":44,"column":74},"end":{"line":44,"column":76}}],"line":44},"6":{"loc":{"start":{"line":61,"column":49},"end":{"line":61,"column":63}},"type":"default-arg","locations":[{"start":{"line":61,"column":61},"end":{"line":61,"column":63}}],"line":61},"7":{"loc":{"start":{"line":61,"column":65},"end":{"line":61,"column":74}},"type":"default-arg","locations":[{"start":{"line":61,"column":72},"end":{"line":61,"column":74}}],"line":61},"8":{"loc":{"start":{"line":79,"column":49},"end":{"line":79,"column":63}},"type":"default-arg","locations":[{"start":{"line":79,"column":61},"end":{"line":79,"column":63}}],"line":79},"9":{"loc":{"start":{"line":79,"column":65},"end":{"line":79,"column":74}},"type":"default-arg","locations":[{"start":{"line":79,"column":72},"end":{"line":79,"column":74}}],"line":79},"10":{"loc":{"start":{"line":98,"column":49},"end":{"line":98,"column":63}},"type":"default-arg","locations":[{"start":{"line":98,"column":61},"end":{"line":98,"column":63}}],"line":98},"11":{"loc":{"start":{"line":98,"column":65},"end":{"line":98,"column":74}},"type":"default-arg","locations":[{"start":{"line":98,"column":72},"end":{"line":98,"column":74}}],"line":98}},"s":{"0":0,"1":0,"2":0,"3":0,"4":0,"5":0,"6":0,"7":0,"8":0,"9":0,"10":0,"11":0},"f":{"0":0,"1":0,"2":0,"3":0,"4":0,"5":0},"b":{"0":[0],"1":[0],"2":[0],"3":[0],"4":[0],"5":[0],"6":[0],"7":[0],"8":[0],"9":[0],"10":[0],"11":[0]}}
,"/Users/jesse/Documents/專題/volleyball_analysis_webapp/frontend/src/components/ui/EmptyState.tsx": {"path":"/Users/jesse/Documents/專題/volleyball_analysis_webapp/frontend/src/components/ui/EmptyState.tsx","statementMap":{"0":{"start":{"line":3,"column":103},"end":{"line":9,"column":1}},"1":{"start":{"line":4,"column":2},"end":{"line":8,"column":8}}},"fnMap":{"0":{"name":"(anonymous_0)","decl":{"start":{"line":3,"column":103},"end":{"line":3,"column":104}},"loc":{"start":{"line":4,"column":2},"end":{"line":8,"column":8}},"line":4}},"branchMap":{"0":{"loc":{"start":{"line":7,"column":5},"end":{"line":7,"column":64}},"type":"binary-expr","locations":[{"start":{"line":7,"column":5},"end":{"line":7,"column":9}},{"start":{"line":7,"column":13},"end":{"line":7,"column":64}}],"line":7}},"s":{"0":1,"1":2},"f":{"0":2},"b":{"0":[2,2]},"_coverageSchema":"1a1c01bbd47fc00a2c39e90264f33305004495a9","hash":"accc434f22ecd66011b83d69baada652400a4b93"}
,"/Users/jesse/Documents/專題/volleyball_analysis_webapp/frontend/src/components/ui/StatusBadge.tsx": {"path":"/Users/jesse/Documents/專題/volleyball_analysis_webapp/frontend/src/components/ui/StatusBadge.tsx","statementMap":{"0":{"start":{"line":3,"column":58},"end":{"line":17,"column":1}},"1":{"start":{"line":4,"column":2},"end":{"line":16,"column":9}}},"fnMap":{"0":{"name":"(anonymous_0)","decl":{"start":{"line":3,"column":58},"end":{"line":3,"column":59}},"loc":{"start":{"line":4,"column":2},"end":{"line":16,"column":9}},"line":4}},"branchMap":{"0":{"loc":{"start":{"line":3,"column":61},"end":{"line":3,"column":72}},"type":"default-arg","locations":[{"start":{"line":3,"column":70},"end":{"line":3,"column":72}}],"line":3},"1":{"loc":{"start":{"line":6,"column":6},"end":{"line":12,"column":52}},"type":"cond-expr","locations":[{"start":{"line":7,"column":10},"end":{"line":7,"column":55}},{"start":{"line":8,"column":10},"end":{"line":12,"column":52}}],"line":6},"2":{"loc":{"start":{"line":8,"column":10},"end":{"line":12,"column":52}},"type":"cond-expr","locations":[{"start":{"line":9,"column":10},"end":{"line":9,"column":52}},{"start":{"line":10,"column":10},"end":{"line":12,"column":52}}],"line":8},"3":{"loc":{"start":{"line":10,"column":10},"end":{"line":12,"column":52}},"type":"cond-expr","locations":[{"start":{"line":11,"column":10},"end":{"line":11,"column":49}},{"start":{"line":12,"column":10},"end":{"line":12,"column":52}}],"line":10},"4":{"loc":{"start":{"line":15,"column":5},"end":{"line":15,"column":74}},"type":"cond-expr","locations":[{"start":{"line":15,"column":14},"end":{"line":15,"column":62}},{"start":{"line":15,"column":65},"end":{"line":15,"column":74}}],"line":15}},"s":{"0":1,"1":4},"f":{"0":4},"b":{"0":[0],"1":[1,3],"2":[1,2],"3":[1,1],"4":[4,0]},"_coverageSchema":"1a1c01bbd47fc00a2c39e90264f33305004495a9","hash":"40fa9d4af3c7b91090105315ba7a2a733ea1b79d"}
,"/Users/jesse/Documents/專題/volleyball_analysis_webapp/frontend/src/services/api.ts": {"path":"/Users/jesse/Documents/專題/volleyball_analysis_webapp/frontend/src/services/api.ts","statementMap":{"0":{"start":{"line":4,"column":21},"end":{"line":4,"column":77}},"1":{"start":{"line":5,"column":20},"end":{"line":5,"column":90}},"2":{"start":{"line":8,"column":12},"end":{"line":11,"column":2}},"3":{"start":{"line":14,"column":23},"end":{"line":17,"column":2}},"4":{"start":{"line":20,"column":27},"end":{"line":23,"column":1}},"5":{"start":{"line":21,"column":2},"end":{"line":21,"column":70}},"6":{"start":{"line":22,"column":2},"end":{"line":22,"column":16}},"7":{"start":{"line":25,"column":32},"end":{"line":27,"column":1}},"8":{"start":{"line":26,"column":2},"end":{"line":26,"column":31}},"9":{"start":{"line":30,"column":28},"end":{"line":32,"column":1}},"10":{"start":{"line":31,"column":2},"end":{"line":31,"column":18}},"11":{"start":{"line":34,"column":33},"end":{"line":37,"column":1}},"12":{"start":{"line":35,"column":2},"end":{"line":35,"column":33}},"13":{"start":{"line":36,"column":2},"end":{"line":36,"column":31}},"14":{"start":{"line":40,"column":0},"end":{"line":40,"column":74}},"15":{"start":{"line":41,"column":0},"end":{"line":41,"column":77}},"16":{"start":{"line":43,"column":0},"end":{"line":43,"column":85}},"17":{"start":{"line":44,"column":0},"end":{"line":44,"column":88}},"18":{"start":{"line":123,"column":26},"end":{"line":222,"column":1}},"19":{"start":{"line":126,"column":21},"end":{"line":126,"column":45}},"20":{"start":{"line":127,"column":4},"end":{"line":127,"column":25}},"21":{"start":{"line":132,"column":21},"end":{"line":136,"column":6}},"22":{"start":{"line":137,"column":4},"end":{"line":137,"column":25}},"23":{"start":{"line":142,"column":21},"end":{"line":142,"column":58}},"24":{"start":{"line":143,"column":4},"end":{"line":143,"column":25}},"25":{"start":{"line":148,"column":21},"end":{"line":148,"column":45}},"26":{"start":{"line":149,"column":4},"end":{"line":149,"column":25}},"27":{"start":{"line":154,"column":21},"end":{"line":154,"column":56}},"28":{"start":{"line":155,"column":4},"end":{"line":155,"column":25}},"29":{"start":{"line":160,"column":21},"end":{"line":160,"column":57}},"30":{"start":{"line":161,"column":4},"end":{"line":161,"column":25}},"31":{"start":{"line":166,"column":21},"end":{"line":166,"column":57}},"32":{"start":{"line":167,"column":4},"end":{"line":167,"column":25}},"33":{"start":{"line":172,"column":21},"end":{"line":174,"column":6}},"34":{"start":{"line":175,"column":4},"end":{"line":175,"column":25}},"35":{"start":{"line":180,"column":21},"end":{"line":180,"column":59}},"36":{"start":{"line":181,"column":4},"end":{"line":181,"column":25}},"37":{"start":{"line":186,"column":21},"end":{"line":192,"column":6}},"38":{"start":{"line":193,"column":4},"end":{"line":193,"column":25}},"39":{"start":{"line":198,"column":21},"end":{"line":198,"column":72}},"40":{"start":{"line":199,"column":4},"end":{"line":199,"column":25}},"41":{"start":{"line":204,"column":21},"end":{"line":204,"column":85}},"42":{"start":{"line":205,"column":4},"end":{"line":205,"column":25}},"43":{"start":{"line":210,"column":4},"end":{"line":210,"column":45}},"44":{"start":{"line":215,"column":4},"end":{"line":215,"column":51}},"45":{"start":{"line":220,"column":4},"end":{"line":220,"column":51}},"46":{"start":{"line":225,"column":27},"end":{"line":225,"column":49}},"47":{"start":{"line":226,"column":29},"end":{"line":226,"column":53}},"48":{"start":{"line":227,"column":25},"end":{"line":227,"column":45}},"49":{"start":{"line":228,"column":24},"end":{"line":228,"column":43}},"50":{"start":{"line":229,"column":33},"end":{"line":229,"column":61}},"51":{"start":{"line":230,"column":34},"end":{"line":230,"column":63}},"52":{"start":{"line":231,"column":27},"end":{"line":231,"column":49}},"53":{"start":{"line":232,"column":31},"end":{"line":232,"column":57}},"54":{"start":{"line":233,"column":27},"end":{"line":233,"column":49}},"55":{"start":{"line":234,"column":32},"end":{"line":234,"column":59}},"56":{"start":{"line":235,"column":33},"end":{"line":235,"column":61}},"57":{"start":{"line":236,"column":35},"end":{"line":236,"column":65}},"58":{"start":{"line":237,"column":39},"end":{"line":237,"column":73}},"59":{"start":{"line":238,"column":39},"end":{"line":238,"column":73}}},"fnMap":{"0":{"name":"(anonymous_0)","decl":{"start":{"line":20,"column":27},"end":{"line":20,"column":28}},"loc":{"start":{"line":20,"column":44},"end":{"line":23,"column":1}},"line":20},"1":{"name":"(anonymous_1)","decl":{"start":{"line":25,"column":32},"end":{"line":25,"column":33}},"loc":{"start":{"line":25,"column":48},"end":{"line":27,"column":1}},"line":25},"2":{"name":"(anonymous_2)","decl":{"start":{"line":30,"column":28},"end":{"line":30,"column":29}},"loc":{"start":{"line":30,"column":47},"end":{"line":32,"column":1}},"line":30},"3":{"name":"(anonymous_3)","decl":{"start":{"line":34,"column":33},"end":{"line":34,"column":34}},"loc":{"start":{"line":34,"column":49},"end":{"line":37,"column":1}},"line":34},"4":{"name":"(anonymous_4)","decl":{"start":{"line":125,"column":2},"end":{"line":125,"column":3}},"loc":{"start":{"line":125,"column":22},"end":{"line":128,"column":3}},"line":125},"5":{"name":"(anonymous_5)","decl":{"start":{"line":131,"column":2},"end":{"line":131,"column":3}},"loc":{"start":{"line":131,"column":36},"end":{"line":138,"column":3}},"line":131},"6":{"name":"(anonymous_6)","decl":{"start":{"line":141,"column":2},"end":{"line":141,"column":3}},"loc":{"start":{"line":141,"column":39},"end":{"line":144,"column":3}},"line":141},"7":{"name":"(anonymous_7)","decl":{"start":{"line":147,"column":2},"end":{"line":147,"column":3}},"loc":{"start":{"line":147,"column":20},"end":{"line":150,"column":3}},"line":147},"8":{"name":"(anonymous_8)","decl":{"start":{"line":153,"column":2},"end":{"line":153,"column":3}},"loc":{"start":{"line":153,"column":34},"end":{"line":156,"column":3}},"line":153},"9":{"name":"(anonymous_9)","decl":{"start":{"line":159,"column":2},"end":{"line":159,"column":3}},"loc":{"start":{"line":159,"column":42},"end":{"line":162,"column":3}},"line":159},"10":{"name":"(anonymous_10)","decl":{"start":{"line":165,"column":2},"end":{"line":165,"column":3}},"loc":{"start":{"line":165,"column":44},"end":{"line":168,"column":3}},"line":165},"11":{"name":"(anonymous_11)","decl":{"start":{"line":171,"column":2},"end":{"line":171,"column":3}},"loc":{"start":{"line":171,"column":62},"end":{"line":176,"column":3}},"line":171},"12":{"name":"(anonymous_12)","decl":{"start":{"line":179,"column":2},"end":{"line":179,"column":3}},"loc":{"start":{"line":179,"column":37},"end":{"line":182,"column":3}},"line":179},"13":{"name":"(anonymous_13)","decl":{"start":{"line":185,"column":2},"end":{"line":185,"column":3}},"loc":{"start":{"line":185,"column":112},"end":{"line":194,"column":3}},"line":185},"14":{"name":"(anonymous_14)","decl":{"start":{"line":197,"column":2},"end":{"line":197,"column":3}},"loc":{"start":{"line":197,"column":43},"end":{"line":200,"column":3}},"line":197},"15":{"name":"(anonymous_15)","decl":{"start":{"line":203,"column":2},"end":{"line":203,"column":3}},"loc":{"start":{"line":203,"column":62},"end":{"line":206,"column":3}},"line":203},"16":{"name":"(anonymous_16)","decl":{"start":{"line":209,"column":2},"end":{"line":209,"column":3}},"loc":{"start":{"line":209,"column":31},"end":{"line":211,"column":3}},"line":209},"17":{"name":"(anonymous_17)","decl":{"start":{"line":214,"column":2},"end":{"line":214,"column":3}},"loc":{"start":{"line":214,"column":43},"end":{"line":216,"column":3}},"line":214},"18":{"name":"(anonymous_18)","decl":{"start":{"line":219,"column":2},"end":{"line":219,"column":3}},"loc":{"start":{"line":219,"column":43},"end":{"line":221,"column":3}},"line":219}},"branchMap":{"0":{"loc":{"start":{"line":4,"column":21},"end":{"line":4,"column":77}},"type":"binary-expr","locations":[{"start":{"line":4,"column":21},"end":{"line":4,"column":50}},{"start":{"line":4,"column":54},"end":{"line":4,"column":77}}],"line":4}},"s":{"0":0,"1":0,"2":0,"3":0,"4":0,"5":0,"6":0,"7":0,"8":0,"9":0,"10":0,"11":0,"12":0,"13":0,"14":0,"15":0,"16":0,"17":0,"18":0,"19":0,"20":0,"21":0,"22":0,"23":0,"24":0,"25":0,"26":0,"27":0,"28":0,"29":0,"30":0,"31":0,"32":0,"33":0,"34":0,"35":0,"36":0,"37":0,"38":0,"39":0,"40":0,"41":0,"42":0,"43":0,"44":0,"45":0,"46":0,"47":0,"48":0,"49":0,"50":0,"51":0,"52":0,"53":0,"54":0,"55":0,"56":0,"57":0,"58":0,"59":0},"f":{"0":0,"1":0,"2":0,"3":0,"4":0,"5":0,"6":0,"7":0,"8":0,"9":0,"10":0,"11":0,"12":0,"13":0,"14":0,"15":0,"16":0,"17":0,"18":0},"b":{"0":[0,0]}}
,"/Users/jesse/Documents/專題/volleyball_analysis_webapp/frontend/src/types/index.ts": {"path":"/Users/jesse/Documents/專題/volleyball_analysis_webapp/frontend/src/types/index.ts","statementMap":{},"fnMap":{},"branchMap":{},"s":{},"f":{},"b":{}}
}
