TN:
SF:src/App.tsx
FN:12,Navigation
FN:26,(anonymous_1)
FN:50,(anonymous_2)
FN:58,(anonymous_3)
FN:61,(anonymous_4)
FN:67,(anonymous_5)
FN:75,(anonymous_6)
FN:81,(anonymous_7)
FN:103,App
FNF:9
FNH:1
FNDA:0,Navigation
FNDA:0,(anonymous_1)
FNDA:0,(anonymous_2)
FNDA:0,(anonymous_3)
FNDA:0,(anonymous_4)
FNDA:0,(anonymous_5)
FNDA:0,(anonymous_6)
FNDA:0,(anonymous_7)
FNDA:5,App
DA:13,0
DA:14,0
DA:16,0
DA:22,0
DA:27,0
DA:28,0
DA:50,0
DA:58,0
DA:61,0
DA:67,0
DA:76,0
DA:77,0
DA:81,0
DA:104,5
LF:14
LH:1
BRDA:34,0,0,0
BRDA:34,0,1,0
BRDA:53,1,0,0
BRDA:53,1,1,0
BRDA:57,2,0,0
BRDA:57,2,1,0
BRDA:84,3,0,0
BRDA:84,3,1,0
BRF:8
BRH:0
end_of_record
TN:
SF:src/index.tsx
FNF:0
FNH:0
DA:6,0
DA:7,0
LF:2
LH:0
BRF:0
BRH:0
end_of_record
TN:
SF:src/components/BallTracking.tsx
FN:11,(anonymous_0)
FN:20,(anonymous_1)
FN:63,(anonymous_2)
FN:94,(anonymous_3)
FN:148,(anonymous_4)
FNF:5
FNH:2
FNDA:2,(anonymous_0)
FNDA:2,(anonymous_1)
FNDA:0,(anonymous_2)
FNDA:0,(anonymous_3)
FNDA:0,(anonymous_4)
DA:11,1
DA:18,2
DA:20,2
DA:21,2
DA:22,2
DA:23,0
DA:29,2
DA:32,0
DA:33,0
DA:35,0
DA:36,0
DA:37,0
DA:38,0
DA:41,0
DA:43,0
DA:45,0
DA:46,0
DA:52,0
DA:55,0
DA:58,0
DA:59,0
DA:60,0
DA:63,0
DA:65,0
DA:66,0
DA:69,0
DA:70,0
DA:71,0
DA:72,0
DA:73,0
DA:75,0
DA:78,0
DA:80,0
DA:81,0
DA:89,0
DA:94,0
DA:95,0
DA:96,0
DA:97,0
DA:101,0
DA:102,0
DA:103,0
DA:105,0
DA:106,0
DA:107,0
DA:109,0
DA:110,0
DA:113,0
DA:119,0
DA:120,0
DA:121,0
DA:124,0
DA:130,0
DA:131,0
DA:132,0
DA:134,0
DA:137,0
DA:143,0
DA:144,0
DA:148,0
DA:149,0
DA:150,0
DA:151,0
DA:152,0
DA:155,0
DA:156,0
DA:157,0
DA:160,0
DA:161,0
DA:162,0
DA:163,0
DA:166,0
DA:167,0
DA:168,0
DA:171,0
DA:173,0
DA:174,0
DA:175,0
DA:176,0
DA:178,0
DA:179,0
DA:180,0
DA:183,0
DA:184,0
DA:185,0
DA:186,0
DA:187,0
DA:188,0
DA:194,2
DA:196,0
LF:90
LH:7
BRDA:16,0,0,2
BRDA:21,1,0,2
BRDA:21,1,1,0
BRDA:21,2,0,2
BRDA:21,2,1,0
BRDA:21,2,2,0
BRDA:21,2,3,0
BRDA:22,3,0,0
BRDA:22,3,1,2
BRDA:33,4,0,0
BRDA:33,4,1,0
BRDA:36,5,0,0
BRDA:36,5,1,0
BRDA:36,6,0,0
BRDA:36,6,1,0
BRDA:43,7,0,0
BRDA:43,7,1,0
BRDA:43,8,0,0
BRDA:43,8,1,0
BRDA:45,9,0,0
BRDA:45,9,1,0
BRDA:47,10,0,0
BRDA:47,10,1,0
BRDA:65,11,0,0
BRDA:65,11,1,0
BRDA:66,12,0,0
BRDA:66,12,1,0
BRDA:69,13,0,0
BRDA:69,13,1,0
BRDA:73,14,0,0
BRDA:73,14,1,0
BRDA:78,15,0,0
BRDA:78,15,1,0
BRDA:80,16,0,0
BRDA:80,16,1,0
BRDA:95,17,0,0
BRDA:95,17,1,0
BRDA:95,18,0,0
BRDA:95,18,1,0
BRDA:96,19,0,0
BRDA:96,19,1,0
BRDA:96,20,0,0
BRDA:96,20,1,0
BRDA:102,21,0,0
BRDA:102,21,1,0
BRDA:109,22,0,0
BRDA:109,22,1,0
BRDA:110,23,0,0
BRDA:110,23,1,0
BRDA:119,24,0,0
BRDA:119,24,1,0
BRDA:119,25,0,0
BRDA:119,25,1,0
BRDA:120,26,0,0
BRDA:120,26,1,0
BRDA:120,27,0,0
BRDA:120,27,1,0
BRDA:124,28,0,0
BRDA:124,28,1,0
BRDA:134,29,0,0
BRDA:134,29,1,0
BRDA:134,30,0,0
BRDA:134,30,1,0
BRDA:134,30,2,0
BRDA:136,31,0,0
BRDA:136,31,1,0
BRDA:143,32,0,0
BRDA:143,32,1,0
BRDA:149,33,0,0
BRDA:149,33,1,0
BRDA:150,34,0,0
BRDA:150,34,1,0
BRDA:151,35,0,0
BRDA:151,35,1,0
BRDA:152,36,0,0
BRDA:152,36,1,0
BRDA:155,37,0,0
BRDA:155,37,1,0
BRDA:155,38,0,0
BRDA:155,38,1,0
BRDA:171,39,0,0
BRDA:171,39,1,0
BRDA:183,40,0,0
BRDA:183,40,1,0
BRDA:194,41,0,2
BRDA:194,41,1,0
BRDA:199,42,0,0
BRDA:199,42,1,0
BRDA:200,43,0,0
BRDA:200,43,1,0
BRF:90
BRH:5
end_of_record
TN:
SF:src/components/BoundingBoxes.tsx
FN:16,(anonymous_0)
FN:30,(anonymous_1)
FN:41,(anonymous_2)
FN:55,(anonymous_3)
FN:62,(anonymous_4)
FN:83,(anonymous_5)
FN:88,(anonymous_6)
FN:99,(anonymous_7)
FN:141,(anonymous_8)
FN:146,(anonymous_9)
FNF:10
FNH:1
FNDA:0,(anonymous_0)
FNDA:0,(anonymous_1)
FNDA:8,(anonymous_2)
FNDA:0,(anonymous_3)
FNDA:0,(anonymous_4)
FNDA:0,(anonymous_5)
FNDA:0,(anonymous_6)
FNDA:0,(anonymous_7)
FNDA:0,(anonymous_8)
FNDA:0,(anonymous_9)
DA:16,1
DA:17,0
DA:27,0
DA:30,1
DA:31,0
DA:38,0
DA:41,1
DA:53,8
DA:55,8
DA:56,0
DA:58,0
DA:59,0
DA:62,0
DA:63,0
DA:67,0
DA:68,0
DA:69,0
DA:70,0
DA:74,0
DA:76,0
DA:79,0
DA:82,0
DA:83,0
DA:87,0
DA:88,0
DA:89,0
DA:90,0
DA:91,0
DA:92,0
DA:97,0
DA:99,0
DA:100,0
DA:102,0
DA:103,0
DA:104,0
DA:107,0
DA:108,0
DA:109,0
DA:112,0
DA:113,0
DA:114,0
DA:115,0
DA:118,0
DA:121,0
DA:122,0
DA:123,0
DA:124,0
DA:125,0
DA:127,0
DA:128,0
DA:131,0
DA:132,0
DA:138,0
DA:140,0
DA:142,0
DA:146,0
DA:147,0
DA:149,0
DA:150,0
DA:153,0
DA:154,0
DA:155,0
DA:156,0
DA:159,0
DA:162,0
DA:163,0
DA:164,0
DA:165,0
DA:166,0
DA:167,0
DA:170,0
DA:171,0
DA:174,0
DA:175,0
DA:180,8
LF:75
LH:6
BRDA:38,0,0,0
BRDA:38,0,1,0
BRDA:47,1,0,8
BRDA:48,2,0,8
BRDA:49,3,0,8
BRDA:51,4,0,8
BRDA:56,5,0,0
BRDA:56,5,1,0
BRDA:56,6,0,0
BRDA:56,6,1,0
BRDA:56,6,2,0
BRDA:59,7,0,0
BRDA:59,7,1,0
BRDA:63,8,0,0
BRDA:63,8,1,0
BRDA:68,9,0,0
BRDA:68,9,1,0
BRDA:68,10,0,0
BRDA:68,10,1,0
BRDA:79,11,0,0
BRDA:79,11,1,0
BRDA:79,12,0,0
BRDA:79,12,1,0
BRDA:87,13,0,0
BRDA:87,13,1,0
BRDA:89,14,0,0
BRDA:89,14,1,0
BRDA:92,15,0,0
BRDA:92,15,1,0
BRDA:97,16,0,0
BRDA:97,16,1,0
BRDA:97,17,0,0
BRDA:97,17,1,0
BRDA:97,17,2,0
BRDA:100,18,0,0
BRDA:100,18,1,0
BRDA:100,19,0,0
BRDA:100,19,1,0
BRDA:100,19,2,0
BRDA:103,20,0,0
BRDA:103,20,1,0
BRDA:103,20,2,0
BRDA:107,21,0,0
BRDA:107,21,1,0
BRDA:109,22,0,0
BRDA:109,22,1,0
BRDA:109,22,2,0
BRDA:112,23,0,0
BRDA:112,23,1,0
BRDA:113,24,0,0
BRDA:113,24,1,0
BRDA:114,25,0,0
BRDA:114,25,1,0
BRDA:118,26,0,0
BRDA:118,26,1,0
BRDA:120,27,0,0
BRDA:120,27,1,0
BRDA:127,28,0,0
BRDA:127,28,1,0
BRDA:138,29,0,0
BRDA:138,29,1,0
BRDA:138,30,0,0
BRDA:138,30,1,0
BRDA:142,31,0,0
BRDA:142,31,1,0
BRDA:147,32,0,0
BRDA:147,32,1,0
BRDA:147,33,0,0
BRDA:147,33,1,0
BRDA:147,33,2,0
BRDA:159,34,0,0
BRDA:159,34,1,0
BRDA:159,35,0,0
BRDA:159,35,1,0
BRDA:162,36,0,0
BRDA:162,36,1,0
BRDA:162,37,0,0
BRDA:162,37,1,0
BRDA:184,38,0,8
BRDA:184,38,1,0
BRDA:185,39,0,0
BRDA:185,39,1,0
BRF:82
BRH:5
end_of_record
TN:
SF:src/components/Dashboard.tsx
FN:8,(anonymous_0)
FN:12,(anonymous_1)
FN:14,(anonymous_2)
FN:35,(anonymous_3)
FN:42,(anonymous_4)
FN:43,(anonymous_5)
FN:44,(anonymous_6)
FN:142,(anonymous_7)
FNF:8
FNH:4
FNDA:3,(anonymous_0)
FNDA:2,(anonymous_1)
FNDA:2,(anonymous_2)
FNDA:2,(anonymous_3)
FNDA:0,(anonymous_4)
FNDA:0,(anonymous_5)
FNDA:0,(anonymous_6)
FNDA:0,(anonymous_7)
DA:8,2
DA:9,3
DA:10,2
DA:12,2
DA:13,2
DA:14,2
DA:15,2
DA:16,2
DA:17,1
DA:18,1
DA:21,0
DA:23,0
DA:24,0
DA:27,1
DA:28,1
DA:33,2
DA:35,2
DA:36,2
DA:40,2
DA:42,0
DA:43,0
DA:44,0
DA:47,2
DA:143,0
LF:24
LH:17
BRDA:17,0,0,1
BRDA:17,0,1,0
BRDA:18,1,0,1
BRDA:18,1,1,0
BRDA:23,2,0,0
BRDA:23,2,1,0
BRDA:27,3,0,1
BRDA:27,3,1,0
BRDA:60,4,0,2
BRDA:60,4,1,0
BRDA:60,4,2,0
BRDA:106,5,0,2
BRDA:106,5,1,2
BRDA:112,6,0,2
BRDA:112,6,1,0
BRDA:112,6,2,0
BRDA:130,7,0,2
BRDA:130,7,1,0
BRDA:130,7,2,0
BRDA:150,8,0,0
BRDA:150,8,1,0
BRDA:150,8,2,0
BRDA:151,9,0,0
BRDA:151,9,1,0
BRDA:151,9,2,0
BRF:25
BRH:8
end_of_record
TN:
SF:src/components/EventTimeline.tsx
FN:27,(anonymous_0)
FN:87,(anonymous_1)
FN:92,(anonymous_2)
FN:116,(anonymous_3)
FN:133,(anonymous_4)
FN:136,(anonymous_5)
FN:138,(anonymous_6)
FN:153,(anonymous_7)
FN:160,(anonymous_8)
FN:175,(anonymous_9)
FN:187,(anonymous_10)
FN:191,(anonymous_11)
FN:196,(anonymous_12)
FN:222,(anonymous_13)
FN:224,(anonymous_14)
FN:227,(anonymous_15)
FN:257,(anonymous_16)
FN:264,(anonymous_17)
FN:274,(anonymous_18)
FN:279,(anonymous_19)
FN:283,(anonymous_20)
FN:287,(anonymous_21)
FN:309,(anonymous_22)
FN:339,(anonymous_23)
FN:344,(anonymous_24)
FN:348,(anonymous_25)
FN:373,(anonymous_26)
FN:399,(anonymous_27)
FN:408,(anonymous_28)
FN:420,(anonymous_29)
FN:424,(anonymous_30)
FNF:31
FNH:0
FNDA:0,(anonymous_0)
FNDA:0,(anonymous_1)
FNDA:0,(anonymous_2)
FNDA:0,(anonymous_3)
FNDA:0,(anonymous_4)
FNDA:0,(anonymous_5)
FNDA:0,(anonymous_6)
FNDA:0,(anonymous_7)
FNDA:0,(anonymous_8)
FNDA:0,(anonymous_9)
FNDA:0,(anonymous_10)
FNDA:0,(anonymous_11)
FNDA:0,(anonymous_12)
FNDA:0,(anonymous_13)
FNDA:0,(anonymous_14)
FNDA:0,(anonymous_15)
FNDA:0,(anonymous_16)
FNDA:0,(anonymous_17)
FNDA:0,(anonymous_18)
FNDA:0,(anonymous_19)
FNDA:0,(anonymous_20)
FNDA:0,(anonymous_21)
FNDA:0,(anonymous_22)
FNDA:0,(anonymous_23)
FNDA:0,(anonymous_24)
FNDA:0,(anonymous_25)
FNDA:0,(anonymous_26)
FNDA:0,(anonymous_27)
FNDA:0,(anonymous_28)
FNDA:0,(anonymous_29)
FNDA:0,(anonymous_30)
DA:18,1
DA:27,1
DA:28,0
DA:30,0
DA:39,0
DA:48,0
DA:57,0
DA:66,0
DA:75,0
DA:87,1
DA:88,0
DA:90,0
DA:93,0
DA:94,0
DA:116,1
DA:128,0
DA:129,0
DA:130,0
DA:133,0
DA:134,0
DA:136,0
DA:137,0
DA:138,0
DA:139,0
DA:140,0
DA:142,0
DA:143,0
DA:144,0
DA:146,0
DA:152,0
DA:153,0
DA:154,0
DA:155,0
DA:157,0
DA:158,0
DA:160,0
DA:161,0
DA:162,0
DA:163,0
DA:164,0
DA:165,0
DA:169,0
DA:170,0
DA:175,0
DA:176,0
DA:177,0
DA:178,0
DA:179,0
DA:183,0
DA:187,0
DA:188,0
DA:191,0
DA:194,0
DA:196,0
DA:197,0
DA:198,0
DA:201,0
DA:202,0
DA:203,0
DA:204,0
DA:205,0
DA:207,0
DA:211,0
DA:213,0
DA:222,0
DA:223,0
DA:224,0
DA:227,0
DA:229,0
DA:230,0
DA:231,0
DA:232,0
DA:233,0
DA:235,0
DA:236,0
DA:241,0
DA:244,0
DA:245,0
DA:249,0
DA:250,0
DA:254,0
DA:257,0
DA:258,0
DA:259,0
DA:260,0
DA:261,0
DA:264,0
DA:265,0
DA:266,0
DA:267,0
DA:268,0
DA:269,0
DA:270,0
DA:271,0
DA:274,0
DA:275,0
DA:276,0
DA:279,0
DA:280,0
DA:283,0
DA:284,0
DA:285,0
DA:286,0
DA:287,0
DA:288,0
DA:289,0
DA:295,0
DA:297,0
DA:310,0
DA:340,0
DA:345,0
DA:346,0
DA:348,0
DA:373,0
DA:400,0
DA:409,0
DA:410,0
DA:412,0
DA:421,0
DA:422,0
DA:424,0
LF:121
LH:4
BRDA:28,0,0,0
BRDA:28,0,1,0
BRDA:28,0,2,0
BRDA:28,0,3,0
BRDA:28,0,4,0
BRDA:28,0,5,0
BRDA:96,1,0,0
BRDA:96,1,1,0
BRDA:117,2,0,0
BRDA:118,3,0,0
BRDA:119,4,0,0
BRDA:121,5,0,0
BRDA:123,6,0,0
BRDA:124,7,0,0
BRDA:125,8,0,0
BRDA:126,9,0,0
BRDA:137,10,0,0
BRDA:137,10,1,0
BRDA:142,11,0,0
BRDA:142,11,1,0
BRDA:142,12,0,0
BRDA:142,12,1,0
BRDA:142,12,2,0
BRDA:143,13,0,0
BRDA:143,13,1,0
BRDA:146,14,0,0
BRDA:146,14,1,0
BRDA:163,15,0,0
BRDA:163,15,1,0
BRDA:169,16,0,0
BRDA:169,16,1,0
BRDA:178,17,0,0
BRDA:178,17,1,0
BRDA:178,18,0,0
BRDA:178,18,1,0
BRDA:178,18,2,0
BRDA:188,19,0,0
BRDA:188,19,1,0
BRDA:203,20,0,0
BRDA:203,20,1,0
BRDA:223,21,0,0
BRDA:223,21,1,0
BRDA:232,22,0,0
BRDA:232,22,1,0
BRDA:232,23,0,0
BRDA:232,23,1,0
BRDA:235,24,0,0
BRDA:235,24,1,0
BRDA:235,25,0,0
BRDA:235,25,1,0
BRDA:235,25,2,0
BRDA:235,25,3,0
BRDA:244,26,0,0
BRDA:244,26,1,0
BRDA:249,27,0,0
BRDA:249,27,1,0
BRDA:254,28,0,0
BRDA:254,28,1,0
BRDA:258,29,0,0
BRDA:258,29,1,0
BRDA:265,30,0,0
BRDA:265,30,1,0
BRDA:275,31,0,0
BRDA:275,31,1,0
BRDA:284,32,0,0
BRDA:284,32,1,0
BRDA:300,33,0,0
BRDA:300,33,1,0
BRDA:307,34,0,0
BRDA:307,34,1,0
BRDA:316,35,0,0
BRDA:316,35,1,0
BRDA:318,36,0,0
BRDA:318,36,1,0
BRDA:335,37,0,0
BRDA:335,37,1,0
BRDA:361,38,0,0
BRDA:361,38,1,0
BRDA:376,39,0,0
BRDA:376,39,1,0
BRDA:394,40,0,0
BRDA:394,40,1,0
BRDA:410,41,0,0
BRDA:410,41,1,0
BRDA:425,42,0,0
BRDA:425,42,1,0
BRDA:427,43,0,0
BRDA:427,43,1,0
BRDA:438,44,0,0
BRDA:438,44,1,0
BRDA:457,45,0,0
BRDA:457,45,1,0
BRDA:457,45,2,0
BRF:93
BRH:0
end_of_record
TN:
SF:src/components/PlaySelector.tsx
FN:22,(anonymous_0)
FN:28,(anonymous_1)
FN:34,(anonymous_2)
FN:66,(anonymous_3)
FN:73,(anonymous_4)
FN:115,(anonymous_5)
FNF:6
FNH:2
FNDA:8,(anonymous_0)
FNDA:0,(anonymous_1)
FNDA:8,(anonymous_2)
FNDA:0,(anonymous_3)
FNDA:0,(anonymous_4)
FNDA:0,(anonymous_5)
DA:22,1
DA:28,8
DA:29,0
DA:30,0
DA:31,0
DA:34,8
DA:35,8
DA:36,8
DA:37,0
DA:38,0
DA:39,0
DA:42,0
DA:45,8
DA:47,0
DA:48,0
DA:55,0
DA:67,0
DA:68,0
DA:70,0
DA:73,0
DA:116,0
LF:21
LH:6
BRDA:38,0,0,0
BRDA:38,0,1,0
BRDA:38,1,0,0
BRDA:38,1,1,0
BRDA:47,2,0,0
BRDA:47,2,1,0
BRDA:68,3,0,0
BRDA:68,3,1,0
BRDA:77,4,0,0
BRDA:77,4,1,0
BRDA:86,5,0,0
BRDA:86,5,1,0
BRDA:91,6,0,0
BRDA:91,6,1,0
BRDA:109,7,0,0
BRDA:109,7,1,0
BRDA:109,7,2,0
BRDA:113,8,0,0
BRDA:113,8,1,0
BRDA:123,9,0,0
BRDA:123,9,1,0
BRDA:132,10,0,0
BRDA:132,10,1,0
BRF:23
BRH:0
end_of_record
TN:
SF:src/components/PlayerHeatmap.tsx
FN:12,(anonymous_0)
FN:22,(anonymous_1)
FN:50,(anonymous_2)
FN:55,(anonymous_3)
FN:59,(anonymous_4)
FN:60,(anonymous_5)
FNF:6
FNH:2
FNDA:2,(anonymous_0)
FNDA:2,(anonymous_1)
FNDA:0,(anonymous_2)
FNDA:0,(anonymous_3)
FNDA:0,(anonymous_4)
FNDA:0,(anonymous_5)
DA:12,1
DA:20,2
DA:22,2
DA:23,2
DA:24,2
DA:25,0
DA:32,2
DA:35,0
DA:36,0
DA:39,0
DA:40,0
DA:41,0
DA:42,0
DA:45,0
DA:47,0
DA:50,0
DA:51,0
DA:55,0
DA:56,0
DA:58,0
DA:59,0
DA:61,0
DA:64,0
DA:65,0
DA:66,0
DA:67,0
DA:70,0
DA:71,0
DA:74,0
DA:75,0
DA:76,0
DA:77,0
DA:79,0
DA:80,0
DA:81,0
DA:82,0
DA:87,2
DA:89,0
LF:38
LH:7
BRDA:16,0,0,2
BRDA:17,1,0,2
BRDA:18,2,0,2
BRDA:23,3,0,2
BRDA:23,3,1,0
BRDA:23,4,0,2
BRDA:23,4,1,0
BRDA:23,4,2,0
BRDA:23,4,3,0
BRDA:24,5,0,0
BRDA:24,5,1,2
BRDA:29,6,0,0
BRDA:29,6,1,0
BRDA:36,7,0,0
BRDA:36,7,1,0
BRDA:40,8,0,0
BRDA:40,8,1,0
BRDA:40,9,0,0
BRDA:40,9,1,0
BRDA:51,10,0,0
BRDA:51,10,1,0
BRDA:56,11,0,0
BRDA:56,11,1,0
BRDA:56,12,0,0
BRDA:56,12,1,0
BRDA:59,13,0,0
BRDA:59,13,1,0
BRDA:61,14,0,0
BRDA:61,14,1,0
BRDA:61,15,0,0
BRDA:61,15,1,0
BRDA:61,15,2,0
BRDA:70,16,0,0
BRDA:70,16,1,0
BRDA:87,17,0,2
BRDA:87,17,1,0
BRDA:92,18,0,0
BRDA:92,18,1,0
BRDA:93,19,0,0
BRDA:93,19,1,0
BRF:40
BRH:7
end_of_record
TN:
SF:src/components/PlayerStats.tsx
FN:15,(anonymous_0)
FN:33,(anonymous_1)
FN:50,(anonymous_2)
FN:66,(anonymous_3)
FN:74,(anonymous_4)
FN:76,(anonymous_5)
FN:125,(anonymous_6)
FN:132,(anonymous_7)
FN:148,(anonymous_8)
FN:164,(anonymous_9)
FN:178,(anonymous_10)
FN:182,(anonymous_11)
FN:183,(anonymous_12)
FN:190,(anonymous_13)
FN:194,(anonymous_14)
FN:196,(anonymous_15)
FN:214,(anonymous_16)
FN:222,(anonymous_17)
FN:237,(anonymous_18)
FN:249,(anonymous_19)
FN:253,(anonymous_20)
FN:257,(anonymous_21)
FN:290,(anonymous_22)
FN:293,(anonymous_23)
FN:297,(anonymous_24)
FN:313,(anonymous_25)
FN:314,(anonymous_26)
FN:352,(anonymous_27)
FN:371,(anonymous_28)
FN:450,(anonymous_29)
FN:466,(anonymous_30)
FN:471,(anonymous_31)
FN:479,(anonymous_32)
FN:519,(anonymous_33)
FN:522,(anonymous_34)
FN:556,(anonymous_35)
FN:579,(anonymous_36)
FN:580,(anonymous_37)
FN:588,(anonymous_38)
FN:604,(anonymous_39)
FN:618,(anonymous_40)
FN:638,(anonymous_41)
FN:658,(anonymous_42)
FN:661,(anonymous_43)
FNF:44
FNH:0
FNDA:0,(anonymous_0)
FNDA:0,(anonymous_1)
FNDA:0,(anonymous_2)
FNDA:0,(anonymous_3)
FNDA:0,(anonymous_4)
FNDA:0,(anonymous_5)
FNDA:0,(anonymous_6)
FNDA:0,(anonymous_7)
FNDA:0,(anonymous_8)
FNDA:0,(anonymous_9)
FNDA:0,(anonymous_10)
FNDA:0,(anonymous_11)
FNDA:0,(anonymous_12)
FNDA:0,(anonymous_13)
FNDA:0,(anonymous_14)
FNDA:0,(anonymous_15)
FNDA:0,(anonymous_16)
FNDA:0,(anonymous_17)
FNDA:0,(anonymous_18)
FNDA:0,(anonymous_19)
FNDA:0,(anonymous_20)
FNDA:0,(anonymous_21)
FNDA:0,(anonymous_22)
FNDA:0,(anonymous_23)
FNDA:0,(anonymous_24)
FNDA:0,(anonymous_25)
FNDA:0,(anonymous_26)
FNDA:0,(anonymous_27)
FNDA:0,(anonymous_28)
FNDA:0,(anonymous_29)
FNDA:0,(anonymous_30)
FNDA:0,(anonymous_31)
FNDA:0,(anonymous_32)
FNDA:0,(anonymous_33)
FNDA:0,(anonymous_34)
FNDA:0,(anonymous_35)
FNDA:0,(anonymous_36)
FNDA:0,(anonymous_37)
FNDA:0,(anonymous_38)
FNDA:0,(anonymous_39)
FNDA:0,(anonymous_40)
FNDA:0,(anonymous_41)
FNDA:0,(anonymous_42)
FNDA:0,(anonymous_43)
DA:15,1
DA:16,0
DA:17,0
DA:19,0
DA:21,0
DA:23,0
DA:25,0
DA:27,0
DA:29,0
DA:33,1
DA:34,0
DA:36,0
DA:38,0
DA:40,0
DA:42,0
DA:44,0
DA:46,0
DA:50,1
DA:60,0
DA:61,0
DA:66,0
DA:67,0
DA:68,0
DA:72,0
DA:74,0
DA:75,0
DA:76,0
DA:77,0
DA:78,0
DA:82,0
DA:86,0
DA:88,0
DA:89,0
DA:91,0
DA:94,0
DA:95,0
DA:96,0
DA:97,0
DA:99,0
DA:100,0
DA:101,0
DA:103,0
DA:104,0
DA:105,0
DA:106,0
DA:108,0
DA:109,0
DA:112,0
DA:113,0
DA:114,0
DA:115,0
DA:117,0
DA:124,0
DA:125,0
DA:126,0
DA:127,0
DA:129,0
DA:130,0
DA:132,0
DA:133,0
DA:134,0
DA:135,0
DA:136,0
DA:137,0
DA:141,0
DA:142,0
DA:148,0
DA:149,0
DA:150,0
DA:153,0
DA:154,0
DA:155,0
DA:158,0
DA:164,0
DA:165,0
DA:166,0
DA:167,0
DA:168,0
DA:169,0
DA:170,0
DA:171,0
DA:173,0
DA:174,0
DA:178,0
DA:182,0
DA:183,0
DA:184,0
DA:190,0
DA:192,0
DA:194,0
DA:195,0
DA:196,0
DA:197,0
DA:198,0
DA:202,0
DA:203,0
DA:204,0
DA:206,0
DA:213,0
DA:214,0
DA:215,0
DA:216,0
DA:219,0
DA:220,0
DA:222,0
DA:223,0
DA:224,0
DA:225,0
DA:226,0
DA:227,0
DA:231,0
DA:232,0
DA:237,0
DA:238,0
DA:239,0
DA:240,0
DA:241,0
DA:245,0
DA:249,0
DA:250,0
DA:253,0
DA:254,0
DA:257,0
DA:258,0
DA:259,0
DA:262,0
DA:265,0
DA:266,0
DA:269,0
DA:271,0
DA:272,0
DA:278,0
DA:279,0
DA:282,0
DA:286,0
DA:290,0
DA:291,0
DA:293,0
DA:294,0
DA:295,0
DA:297,0
DA:298,0
DA:299,0
DA:302,0
DA:308,0
DA:313,0
DA:314,0
DA:315,0
DA:316,0
DA:319,0
DA:321,0
DA:324,0
DA:325,0
DA:326,0
DA:327,0
DA:328,0
DA:329,0
DA:331,0
DA:335,0
DA:336,0
DA:339,0
DA:343,0
DA:346,0
DA:352,0
DA:354,0
DA:355,0
DA:356,0
DA:357,0
DA:358,0
DA:367,0
DA:368,0
DA:371,0
DA:372,0
DA:373,0
DA:374,0
DA:375,0
DA:376,0
DA:381,0
DA:383,0
DA:384,0
DA:385,0
DA:386,0
DA:387,0
DA:390,0
DA:391,0
DA:402,0
DA:410,0
DA:411,0
DA:412,0
DA:413,0
DA:414,0
DA:418,0
DA:422,0
DA:423,0
DA:424,0
DA:425,0
DA:427,0
DA:431,0
DA:432,0
DA:443,0
DA:450,0
DA:451,0
DA:454,0
DA:458,0
DA:459,0
DA:460,0
DA:463,0
DA:466,0
DA:467,0
DA:468,0
DA:471,0
DA:472,0
DA:473,0
DA:475,0
DA:476,0
DA:479,0
DA:480,0
DA:481,0
DA:484,0
DA:485,0
DA:492,0
DA:493,0
DA:500,0
DA:520,0
DA:522,0
DA:557,0
DA:558,0
DA:559,0
DA:560,0
DA:562,0
DA:579,0
DA:581,0
DA:582,0
DA:588,0
DA:605,0
DA:606,0
DA:607,0
DA:614,0
DA:618,0
DA:639,0
DA:659,0
DA:661,0
LF:242
LH:3
BRDA:17,0,0,0
BRDA:17,0,1,0
BRDA:17,0,2,0
BRDA:17,0,3,0
BRDA:17,0,4,0
BRDA:17,0,5,0
BRDA:34,1,0,0
BRDA:34,1,1,0
BRDA:34,1,2,0
BRDA:34,1,3,0
BRDA:34,1,4,0
BRDA:34,1,5,0
BRDA:57,2,0,0
BRDA:58,3,0,0
BRDA:75,4,0,0
BRDA:75,4,1,0
BRDA:82,5,0,0
BRDA:82,5,1,0
BRDA:82,5,2,0
BRDA:86,6,0,0
BRDA:86,6,1,0
BRDA:88,7,0,0
BRDA:88,7,1,0
BRDA:91,8,0,0
BRDA:91,8,1,0
BRDA:96,9,0,0
BRDA:96,9,1,0
BRDA:101,10,0,0
BRDA:101,10,1,0
BRDA:101,11,0,0
BRDA:101,11,1,0
BRDA:105,12,0,0
BRDA:105,12,1,0
BRDA:114,13,0,0
BRDA:114,13,1,0
BRDA:135,14,0,0
BRDA:135,14,1,0
BRDA:141,15,0,0
BRDA:141,15,1,0
BRDA:149,16,0,0
BRDA:149,16,1,0
BRDA:149,17,0,0
BRDA:149,17,1,0
BRDA:153,18,0,0
BRDA:153,18,1,0
BRDA:167,19,0,0
BRDA:167,19,1,0
BRDA:167,20,0,0
BRDA:167,20,1,0
BRDA:167,20,2,0
BRDA:170,21,0,0
BRDA:170,21,1,0
BRDA:184,22,0,0
BRDA:184,22,1,0
BRDA:195,23,0,0
BRDA:195,23,1,0
BRDA:202,24,0,0
BRDA:202,24,1,0
BRDA:202,25,0,0
BRDA:202,25,1,0
BRDA:202,25,2,0
BRDA:203,26,0,0
BRDA:203,26,1,0
BRDA:206,27,0,0
BRDA:206,27,1,0
BRDA:225,28,0,0
BRDA:225,28,1,0
BRDA:231,29,0,0
BRDA:231,29,1,0
BRDA:240,30,0,0
BRDA:240,30,1,0
BRDA:240,31,0,0
BRDA:240,31,1,0
BRDA:240,31,2,0
BRDA:258,32,0,0
BRDA:258,32,1,0
BRDA:258,33,0,0
BRDA:258,33,1,0
BRDA:265,34,0,0
BRDA:265,34,1,0
BRDA:269,35,0,0
BRDA:269,35,1,0
BRDA:271,36,0,0
BRDA:271,36,1,0
BRDA:278,37,0,0
BRDA:278,37,1,0
BRDA:294,38,0,0
BRDA:294,38,1,0
BRDA:298,39,0,0
BRDA:298,39,1,0
BRDA:299,40,0,0
BRDA:299,40,1,0
BRDA:315,41,0,0
BRDA:315,41,1,0
BRDA:319,42,0,0
BRDA:319,42,1,0
BRDA:326,43,0,0
BRDA:326,43,1,0
BRDA:331,44,0,0
BRDA:331,44,1,0
BRDA:331,45,0,0
BRDA:331,45,1,0
BRDA:331,45,2,0
BRDA:331,45,3,0
BRDA:331,45,4,0
BRDA:339,46,0,0
BRDA:339,46,1,0
BRDA:343,47,0,0
BRDA:343,47,1,0
BRDA:357,48,0,0
BRDA:357,48,1,0
BRDA:357,49,0,0
BRDA:357,49,1,0
BRDA:374,50,0,0
BRDA:374,50,1,0
BRDA:381,51,0,0
BRDA:381,51,1,0
BRDA:381,52,0,0
BRDA:381,52,1,0
BRDA:384,53,0,0
BRDA:384,53,1,0
BRDA:390,54,0,0
BRDA:390,54,1,0
BRDA:390,55,0,0
BRDA:390,55,1,0
BRDA:411,56,0,0
BRDA:411,56,1,0
BRDA:418,57,0,0
BRDA:418,57,1,0
BRDA:418,57,2,0
BRDA:422,58,0,0
BRDA:422,58,1,0
BRDA:424,59,0,0
BRDA:424,59,1,0
BRDA:424,60,0,0
BRDA:424,60,1,0
BRDA:431,61,0,0
BRDA:431,61,1,0
BRDA:435,62,0,0
BRDA:435,62,1,0
BRDA:458,63,0,0
BRDA:458,63,1,0
BRDA:458,64,0,0
BRDA:458,64,1,0
BRDA:458,64,2,0
BRDA:459,65,0,0
BRDA:459,65,1,0
BRDA:463,66,0,0
BRDA:463,66,1,0
BRDA:468,67,0,0
BRDA:468,67,1,0
BRDA:472,68,0,0
BRDA:472,68,1,0
BRDA:473,69,0,0
BRDA:473,69,1,0
BRDA:484,70,0,0
BRDA:484,70,1,0
BRDA:492,71,0,0
BRDA:492,71,1,0
BRDA:492,72,0,0
BRDA:492,72,1,0
BRDA:503,73,0,0
BRDA:503,73,1,0
BRDA:537,74,0,0
BRDA:537,74,1,0
BRDA:557,75,0,0
BRDA:557,75,1,0
BRDA:574,76,0,0
BRDA:574,76,1,0
BRDA:581,77,0,0
BRDA:581,77,1,0
BRDA:582,78,0,0
BRDA:582,78,1,0
BRDA:606,79,0,0
BRDA:606,79,1,0
BRDA:606,80,0,0
BRDA:606,80,1,0
BRDA:610,81,0,0
BRDA:610,81,1,0
BRDA:635,82,0,0
BRDA:635,82,1,0
BRDA:652,83,0,0
BRDA:652,83,1,0
BRDA:676,84,0,0
BRDA:676,84,1,0
BRF:185
BRH:0
end_of_record
TN:
SF:src/components/PlayerTaggingDialog.tsx
FN:11,(anonymous_0)
FN:19,(anonymous_1)
FN:30,(anonymous_2)
FN:60,(anonymous_3)
FNF:4
FNH:2
FNDA:7,(anonymous_0)
FNDA:0,(anonymous_1)
FNDA:1,(anonymous_2)
FNDA:0,(anonymous_3)
DA:11,2
DA:17,7
DA:19,7
DA:20,0
DA:21,0
DA:22,0
DA:23,0
DA:24,0
DA:28,7
DA:30,1
DA:60,0
LF:11
LH:5
BRDA:22,0,0,0
BRDA:22,0,1,0
BRDA:22,1,0,0
BRDA:22,1,1,0
BRDA:43,2,0,7
BRDA:43,2,1,0
BRDA:77,3,0,7
BRDA:77,3,1,0
BRDA:77,3,2,0
BRF:9
BRH:2
end_of_record
TN:
SF:src/components/Privacy.tsx
FN:5,(anonymous_0)
FNF:1
FNH:1
FNDA:6,(anonymous_0)
DA:5,2
DA:6,6
LF:2
LH:2
BRF:0
BRH:0
end_of_record
TN:
SF:src/components/Support.tsx
FN:5,(anonymous_0)
FNF:1
FNH:1
FNDA:5,(anonymous_0)
DA:5,2
DA:6,5
LF:2
LH:2
BRF:0
BRH:0
end_of_record
TN:
SF:src/components/Terms.tsx
FN:5,(anonymous_0)
FNF:1
FNH:1
FNDA:5,(anonymous_0)
DA:5,2
DA:6,5
LF:2
LH:2
BRF:0
BRH:0
end_of_record
TN:
SF:src/components/VideoLibrary.tsx
FN:8,(anonymous_0)
FN:18,(anonymous_1)
FN:20,(anonymous_2)
FN:41,(anonymous_3)
FN:47,(anonymous_4)
FN:51,(anonymous_5)
FN:60,(anonymous_6)
FN:61,(anonymous_7)
FN:62,(anonymous_8)
FN:65,(anonymous_9)
FN:70,(anonymous_10)
FN:79,(anonymous_11)
FN:88,(anonymous_12)
FN:93,(anonymous_13)
FN:97,(anonymous_14)
FN:102,(anonymous_15)
FN:112,(anonymous_16)
FN:138,(anonymous_17)
FN:147,(anonymous_18)
FN:150,(anonymous_19)
FN:199,(anonymous_20)
FN:212,(anonymous_21)
FN:215,(anonymous_22)
FN:224,(anonymous_23)
FN:245,(anonymous_24)
FN:252,(anonymous_25)
FN:293,(anonymous_26)
FN:306,(anonymous_27)
FNF:28
FNH:6
FNDA:9,(anonymous_0)
FNDA:6,(anonymous_1)
FNDA:6,(anonymous_2)
FNDA:6,(anonymous_3)
FNDA:0,(anonymous_4)
FNDA:0,(anonymous_5)
FNDA:0,(anonymous_6)
FNDA:0,(anonymous_7)
FNDA:0,(anonymous_8)
FNDA:0,(anonymous_9)
FNDA:0,(anonymous_10)
FNDA:0,(anonymous_11)
FNDA:0,(anonymous_12)
FNDA:0,(anonymous_13)
FNDA:0,(anonymous_14)
FNDA:0,(anonymous_15)
FNDA:0,(anonymous_16)
FNDA:1,(anonymous_17)
FNDA:32,(anonymous_18)
FNDA:0,(anonymous_19)
FNDA:0,(anonymous_20)
FNDA:0,(anonymous_21)
FNDA:0,(anonymous_22)
FNDA:0,(anonymous_23)
FNDA:0,(anonymous_24)
FNDA:0,(anonymous_25)
FNDA:0,(anonymous_26)
FNDA:0,(anonymous_27)
DA:8,1
DA:9,9
DA:10,8
DA:11,8
DA:12,8
DA:13,8
DA:14,8
DA:15,8
DA:16,8
DA:18,8
DA:19,6
DA:20,6
DA:21,6
DA:22,6
DA:23,5
DA:24,5
DA:27,0
DA:29,0
DA:30,0
DA:33,5
DA:34,5
DA:39,6
DA:41,6
DA:42,6
DA:47,8
DA:48,0
DA:51,8
DA:52,0
DA:53,0
DA:54,0
DA:55,0
DA:58,8
DA:60,0
DA:61,0
DA:62,0
DA:65,8
DA:66,0
DA:67,0
DA:70,8
DA:71,0
DA:72,0
DA:73,0
DA:76,0
DA:77,0
DA:79,0
DA:80,0
DA:81,0
DA:83,0
DA:84,0
DA:88,8
DA:89,0
DA:90,0
DA:93,8
DA:94,0
DA:97,8
DA:98,0
DA:99,0
DA:100,0
DA:102,0
DA:103,0
DA:105,0
DA:106,0
DA:108,0
DA:112,8
DA:113,0
DA:116,8
DA:138,1
DA:148,32
DA:150,0
DA:200,0
DA:212,0
DA:216,0
DA:217,0
DA:218,0
DA:219,0
DA:224,0
DA:245,0
DA:252,0
DA:293,0
DA:306,0
LF:80
LH:33
BRDA:23,0,0,5
BRDA:23,0,1,0
BRDA:24,1,0,5
BRDA:24,1,1,0
BRDA:29,2,0,0
BRDA:29,2,1,0
BRDA:33,3,0,5
BRDA:33,3,1,0
BRDA:48,4,0,0
BRDA:48,4,1,0
BRDA:48,4,2,0
BRDA:54,5,0,0
BRDA:54,5,1,0
BRDA:55,6,0,0
BRDA:55,6,1,0
BRDA:71,7,0,0
BRDA:71,7,1,0
BRDA:79,8,0,0
BRDA:79,8,1,0
BRDA:153,9,0,8
BRDA:153,9,1,24
BRDA:169,10,0,8
BRDA:169,10,1,7
BRDA:175,11,0,8
BRDA:175,11,1,1
BRDA:175,11,2,1
BRDA:178,12,0,0
BRDA:178,12,1,1
BRDA:178,13,0,1
BRDA:178,13,1,1
BRDA:180,14,0,0
BRDA:180,14,1,1
BRDA:180,15,0,1
BRDA:180,15,1,1
BRDA:197,16,0,8
BRDA:197,16,1,1
BRDA:197,16,2,0
BRDA:207,17,0,0
BRDA:207,17,1,0
BRDA:216,18,0,0
BRDA:216,18,1,0
BRDA:218,19,0,0
BRDA:218,19,1,0
BRDA:257,20,0,0
BRDA:257,20,1,0
BRDA:291,21,0,8
BRDA:291,21,1,0
BRDA:310,22,0,0
BRDA:310,22,1,0
BRF:49
BRH:19
end_of_record
TN:
SF:src/components/VideoPlayer.tsx
FN:13,(anonymous_0)
FN:39,(anonymous_1)
FN:52,(anonymous_2)
FN:60,(anonymous_3)
FN:74,(anonymous_4)
FN:97,(anonymous_5)
FN:101,(anonymous_6)
FN:133,(anonymous_7)
FN:138,(anonymous_8)
FN:165,(anonymous_9)
FN:195,(anonymous_10)
FN:208,(anonymous_11)
FN:217,(anonymous_12)
FN:223,(anonymous_13)
FN:241,(anonymous_14)
FN:258,(anonymous_15)
FN:265,(anonymous_16)
FN:274,(anonymous_17)
FN:281,(anonymous_18)
FN:295,(anonymous_19)
FN:301,(anonymous_20)
FN:317,(anonymous_21)
FN:329,(anonymous_22)
FN:340,(anonymous_23)
FN:341,(anonymous_24)
FN:356,(anonymous_25)
FN:364,(anonymous_26)
FN:499,(anonymous_27)
FN:552,(anonymous_28)
FN:561,(anonymous_29)
FN:570,(anonymous_30)
FN:579,(anonymous_31)
FN:588,(anonymous_32)
FN:597,(anonymous_33)
FN:619,(anonymous_34)
FN:624,(anonymous_35)
FN:630,(anonymous_36)
FN:633,(anonymous_37)
FN:636,(anonymous_38)
FN:639,(anonymous_39)
FN:642,(anonymous_40)
FN:645,(anonymous_41)
FN:648,(anonymous_42)
FN:668,(anonymous_43)
FN:669,(anonymous_44)
FN:692,(anonymous_45)
FN:828,(anonymous_46)
FNF:47
FNH:0
FNDA:0,(anonymous_0)
FNDA:0,(anonymous_1)
FNDA:0,(anonymous_2)
FNDA:0,(anonymous_3)
FNDA:0,(anonymous_4)
FNDA:0,(anonymous_5)
FNDA:0,(anonymous_6)
FNDA:0,(anonymous_7)
FNDA:0,(anonymous_8)
FNDA:0,(anonymous_9)
FNDA:0,(anonymous_10)
FNDA:0,(anonymous_11)
FNDA:0,(anonymous_12)
FNDA:0,(anonymous_13)
FNDA:0,(anonymous_14)
FNDA:0,(anonymous_15)
FNDA:0,(anonymous_16)
FNDA:0,(anonymous_17)
FNDA:0,(anonymous_18)
FNDA:0,(anonymous_19)
FNDA:0,(anonymous_20)
FNDA:0,(anonymous_21)
FNDA:0,(anonymous_22)
FNDA:0,(anonymous_23)
FNDA:0,(anonymous_24)
FNDA:0,(anonymous_25)
FNDA:0,(anonymous_26)
FNDA:0,(anonymous_27)
FNDA:0,(anonymous_28)
FNDA:0,(anonymous_29)
FNDA:0,(anonymous_30)
FNDA:0,(anonymous_31)
FNDA:0,(anonymous_32)
FNDA:0,(anonymous_33)
FNDA:0,(anonymous_34)
FNDA:0,(anonymous_35)
FNDA:0,(anonymous_36)
FNDA:0,(anonymous_37)
FNDA:0,(anonymous_38)
FNDA:0,(anonymous_39)
FNDA:0,(anonymous_40)
FNDA:0,(anonymous_41)
FNDA:0,(anonymous_42)
FNDA:0,(anonymous_43)
FNDA:0,(anonymous_44)
FNDA:0,(anonymous_45)
FNDA:0,(anonymous_46)
DA:13,1
DA:14,0
DA:16,0
DA:18,0
DA:19,0
DA:20,0
DA:21,0
DA:22,0
DA:23,0
DA:24,0
DA:25,0
DA:26,0
DA:27,0
DA:28,0
DA:29,0
DA:30,0
DA:31,0
DA:32,0
DA:33,0
DA:34,0
DA:35,0
DA:36,0
DA:39,0
DA:40,0
DA:41,0
DA:42,0
DA:43,0
DA:44,0
DA:46,0
DA:52,0
DA:53,0
DA:54,0
DA:55,0
DA:56,0
DA:60,0
DA:61,0
DA:63,0
DA:64,0
DA:65,0
DA:66,0
DA:67,0
DA:70,0
DA:71,0
DA:72,0
DA:74,0
DA:75,0
DA:76,0
DA:77,0
DA:78,0
DA:79,0
DA:80,0
DA:81,0
DA:82,0
DA:83,0
DA:84,0
DA:88,0
DA:89,0
DA:91,0
DA:92,0
DA:94,0
DA:95,0
DA:97,0
DA:98,0
DA:101,0
DA:102,0
DA:103,0
DA:104,0
DA:106,0
DA:108,0
DA:109,0
DA:110,0
DA:111,0
DA:112,0
DA:114,0
DA:115,0
DA:116,0
DA:117,0
DA:118,0
DA:120,0
DA:121,0
DA:122,0
DA:123,0
DA:124,0
DA:125,0
DA:129,0
DA:133,0
DA:134,0
DA:135,0
DA:137,0
DA:138,0
DA:139,0
DA:140,0
DA:141,0
DA:142,0
DA:143,0
DA:144,0
DA:145,0
DA:146,0
DA:147,0
DA:148,0
DA:149,0
DA:151,0
DA:152,0
DA:153,0
DA:154,0
DA:155,0
DA:159,0
DA:165,0
DA:166,0
DA:167,0
DA:170,0
DA:172,0
DA:173,0
DA:174,0
DA:175,0
DA:176,0
DA:177,0
DA:178,0
DA:181,0
DA:182,0
DA:183,0
DA:184,0
DA:187,0
DA:190,0
DA:191,0
DA:194,0
DA:195,0
DA:196,0
DA:197,0
DA:198,0
DA:200,0
DA:201,0
DA:202,0
DA:208,0
DA:209,0
DA:210,0
DA:212,0
DA:217,0
DA:218,0
DA:219,0
DA:223,0
DA:224,0
DA:226,0
DA:227,0
DA:228,0
DA:229,0
DA:230,0
DA:232,0
DA:241,0
DA:250,0
DA:252,0
DA:253,0
DA:258,0
DA:259,0
DA:260,0
DA:262,0
DA:263,0
DA:265,0
DA:266,0
DA:268,0
DA:269,0
DA:270,0
DA:274,0
DA:275,0
DA:276,0
DA:277,0
DA:281,0
DA:282,0
DA:283,0
DA:284,0
DA:285,0
DA:286,0
DA:289,0
DA:292,0
DA:293,0
DA:295,0
DA:296,0
DA:297,0
DA:301,0
DA:302,0
DA:303,0
DA:304,0
DA:306,0
DA:309,0
DA:310,0
DA:313,0
DA:314,0
DA:317,0
DA:318,0
DA:319,0
DA:320,0
DA:321,0
DA:322,0
DA:323,0
DA:329,0
DA:330,0
DA:331,0
DA:340,0
DA:341,0
DA:342,0
DA:348,0
DA:351,0
DA:352,0
DA:353,0
DA:354,0
DA:356,0
DA:357,0
DA:358,0
DA:359,0
DA:360,0
DA:364,0
DA:365,0
DA:366,0
DA:368,0
DA:369,0
DA:372,0
DA:373,0
DA:374,0
DA:375,0
DA:376,0
DA:377,0
DA:378,0
DA:379,0
DA:383,0
DA:384,0
DA:385,0
DA:386,0
DA:387,0
DA:388,0
DA:389,0
DA:390,0
DA:394,0
DA:399,0
DA:400,0
DA:412,0
DA:413,0
DA:469,0
DA:470,0
DA:488,0
DA:489,0
DA:499,0
DA:515,0
DA:517,0
DA:520,0
DA:521,0
DA:522,0
DA:523,0
DA:525,0
DA:552,0
DA:561,0
DA:570,0
DA:579,0
DA:588,0
DA:597,0
DA:620,0
DA:621,0
DA:622,0
DA:625,0
DA:626,0
DA:627,0
DA:628,0
DA:631,0
DA:634,0
DA:637,0
DA:640,0
DA:643,0
DA:646,0
DA:649,0
DA:651,0
DA:652,0
DA:653,0
DA:654,0
DA:655,0
DA:656,0
DA:657,0
DA:658,0
DA:659,0
DA:661,0
DA:662,0
DA:664,0
DA:665,0
DA:667,0
DA:668,0
DA:670,0
DA:671,0
DA:672,0
DA:673,0
DA:677,0
DA:678,0
DA:679,0
DA:680,0
DA:681,0
DA:683,0
DA:684,0
DA:685,0
DA:693,0
DA:694,0
DA:695,0
DA:698,0
DA:707,0
DA:828,0
LF:301
LH:1
BRDA:16,0,0,0
BRDA:16,0,1,0
BRDA:16,0,2,0
BRDA:40,1,0,0
BRDA:40,1,1,0
BRDA:42,2,0,0
BRDA:42,2,1,0
BRDA:55,3,0,0
BRDA:55,3,1,0
BRDA:63,4,0,0
BRDA:63,4,1,0
BRDA:81,5,0,0
BRDA:81,5,1,0
BRDA:82,6,0,0
BRDA:82,6,1,0
BRDA:88,7,0,0
BRDA:88,7,1,0
BRDA:106,8,0,0
BRDA:106,8,1,0
BRDA:108,9,0,0
BRDA:108,9,1,0
BRDA:108,10,0,0
BRDA:108,10,1,0
BRDA:109,11,0,0
BRDA:109,11,1,0
BRDA:110,12,0,0
BRDA:110,12,1,0
BRDA:115,13,0,0
BRDA:115,13,1,0
BRDA:120,14,0,0
BRDA:120,14,1,0
BRDA:123,15,0,0
BRDA:123,15,1,0
BRDA:125,16,0,0
BRDA:125,16,1,0
BRDA:137,17,0,0
BRDA:137,17,1,0
BRDA:141,18,0,0
BRDA:141,18,1,0
BRDA:142,19,0,0
BRDA:142,19,1,0
BRDA:143,20,0,0
BRDA:143,20,1,0
BRDA:146,21,0,0
BRDA:146,21,1,0
BRDA:151,22,0,0
BRDA:151,22,1,0
BRDA:153,23,0,0
BRDA:153,23,1,0
BRDA:155,24,0,0
BRDA:155,24,1,0
BRDA:174,25,0,0
BRDA:174,25,1,0
BRDA:183,26,0,0
BRDA:183,26,1,0
BRDA:190,27,0,0
BRDA:190,27,1,0
BRDA:197,28,0,0
BRDA:197,28,1,0
BRDA:200,29,0,0
BRDA:200,29,1,0
BRDA:209,30,0,0
BRDA:209,30,1,0
BRDA:224,31,0,0
BRDA:224,31,1,0
BRDA:224,32,0,0
BRDA:224,32,1,0
BRDA:224,32,2,0
BRDA:227,33,0,0
BRDA:227,33,1,0
BRDA:228,34,0,0
BRDA:228,34,1,0
BRDA:229,35,0,0
BRDA:229,35,1,0
BRDA:237,36,0,0
BRDA:237,36,1,0
BRDA:260,37,0,0
BRDA:260,37,1,0
BRDA:266,38,0,0
BRDA:266,38,1,0
BRDA:268,39,0,0
BRDA:268,39,1,0
BRDA:275,40,0,0
BRDA:275,40,1,0
BRDA:282,41,0,0
BRDA:282,41,1,0
BRDA:282,42,0,0
BRDA:282,42,1,0
BRDA:283,43,0,0
BRDA:283,43,1,0
BRDA:284,44,0,0
BRDA:284,44,1,0
BRDA:296,45,0,0
BRDA:296,45,1,0
BRDA:302,46,0,0
BRDA:302,46,1,0
BRDA:313,47,0,0
BRDA:313,47,1,0
BRDA:322,48,0,0
BRDA:322,48,1,0
BRDA:330,49,0,0
BRDA:330,49,1,0
BRDA:330,50,0,0
BRDA:330,50,1,0
BRDA:330,50,2,0
BRDA:333,51,0,0
BRDA:333,51,1,0
BRDA:343,52,0,0
BRDA:343,52,1,0
BRDA:343,52,2,0
BRDA:343,52,3,0
BRDA:366,53,0,0
BRDA:366,53,1,0
BRDA:369,54,0,0
BRDA:369,54,1,0
BRDA:369,55,0,0
BRDA:369,55,1,0
BRDA:369,55,2,0
BRDA:369,55,3,0
BRDA:372,56,0,0
BRDA:372,56,1,0
BRDA:374,57,0,0
BRDA:374,57,1,0
BRDA:376,58,0,0
BRDA:376,58,1,0
BRDA:378,59,0,0
BRDA:378,59,1,0
BRDA:383,60,0,0
BRDA:383,60,1,0
BRDA:385,61,0,0
BRDA:385,61,1,0
BRDA:387,62,0,0
BRDA:387,62,1,0
BRDA:389,63,0,0
BRDA:389,63,1,0
BRDA:399,64,0,0
BRDA:399,64,1,0
BRDA:412,65,0,0
BRDA:412,65,1,0
BRDA:469,66,0,0
BRDA:469,66,1,0
BRDA:488,67,0,0
BRDA:488,67,1,0
BRDA:515,68,0,0
BRDA:515,68,1,0
BRDA:521,69,0,0
BRDA:521,69,1,0
BRDA:522,70,0,0
BRDA:522,70,1,0
BRDA:522,70,2,0
BRDA:522,71,0,0
BRDA:522,71,1,0
BRDA:526,72,0,0
BRDA:526,72,1,0
BRDA:528,73,0,0
BRDA:528,73,1,0
BRDA:538,74,0,0
BRDA:538,74,1,0
BRDA:540,75,0,0
BRDA:540,75,1,0
BRDA:541,76,0,0
BRDA:541,76,1,0
BRDA:542,77,0,0
BRDA:542,77,1,0
BRDA:545,78,0,0
BRDA:545,78,1,0
BRDA:547,79,0,0
BRDA:547,79,1,0
BRDA:548,80,0,0
BRDA:548,80,1,0
BRDA:555,81,0,0
BRDA:555,81,1,0
BRDA:557,82,0,0
BRDA:557,82,1,0
BRDA:564,83,0,0
BRDA:564,83,1,0
BRDA:566,84,0,0
BRDA:566,84,1,0
BRDA:573,85,0,0
BRDA:573,85,1,0
BRDA:575,86,0,0
BRDA:575,86,1,0
BRDA:582,87,0,0
BRDA:582,87,1,0
BRDA:584,88,0,0
BRDA:584,88,1,0
BRDA:591,89,0,0
BRDA:591,89,1,0
BRDA:593,90,0,0
BRDA:593,90,1,0
BRDA:600,91,0,0
BRDA:600,91,1,0
BRDA:606,92,0,0
BRDA:606,92,1,0
BRDA:622,93,0,0
BRDA:622,93,1,0
BRDA:651,94,0,0
BRDA:651,94,1,0
BRDA:651,95,0,0
BRDA:651,95,1,0
BRDA:651,95,2,0
BRDA:654,96,0,0
BRDA:654,96,1,0
BRDA:655,97,0,0
BRDA:655,97,1,0
BRDA:656,98,0,0
BRDA:656,98,1,0
BRDA:656,98,2,0
BRDA:657,99,0,0
BRDA:657,99,1,0
BRDA:657,99,2,0
BRDA:665,100,0,0
BRDA:665,100,1,0
BRDA:667,101,0,0
BRDA:667,101,1,0
BRDA:670,102,0,0
BRDA:670,102,1,0
BRDA:673,103,0,0
BRDA:673,103,1,0
BRDA:677,104,0,0
BRDA:677,104,1,0
BRDA:677,105,0,0
BRDA:677,105,1,0
BRDA:677,105,2,0
BRDA:679,106,0,0
BRDA:679,106,1,0
BRDA:679,107,0,0
BRDA:679,107,1,0
BRDA:679,107,2,0
BRDA:681,108,0,0
BRDA:681,108,1,0
BRDA:681,109,0,0
BRDA:681,109,1,0
BRDA:681,109,2,0
BRDA:681,109,3,0
BRDA:695,110,0,0
BRDA:695,110,1,0
BRDA:696,111,0,0
BRDA:696,111,1,0
BRDA:710,112,0,0
BRDA:710,112,1,0
BRDA:718,113,0,0
BRDA:718,113,1,0
BRDA:725,114,0,0
BRDA:725,114,1,0
BRDA:727,115,0,0
BRDA:727,115,1,0
BRDA:730,116,0,0
BRDA:730,116,1,0
BRDA:730,116,2,0
BRDA:730,116,3,0
BRDA:732,117,0,0
BRDA:732,117,1,0
BRDA:733,118,0,0
BRDA:733,118,1,0
BRDA:736,119,0,0
BRDA:736,119,1,0
BRDA:736,120,0,0
BRDA:736,120,1,0
BRDA:745,121,0,0
BRDA:745,121,1,0
BRDA:745,121,2,0
BRDA:747,122,0,0
BRDA:747,122,1,0
BRDA:748,123,0,0
BRDA:748,123,1,0
BRDA:748,124,0,0
BRDA:748,124,1,0
BRDA:755,125,0,0
BRDA:755,125,1,0
BRDA:755,125,2,0
BRDA:757,126,0,0
BRDA:757,126,1,0
BRDA:760,127,0,0
BRDA:760,127,1,0
BRDA:760,128,0,0
BRDA:760,128,1,0
BRDA:769,129,0,0
BRDA:769,129,1,0
BRDA:770,130,0,0
BRDA:770,130,1,0
BRDA:771,131,0,0
BRDA:771,131,1,0
BRDA:772,132,0,0
BRDA:772,132,1,0
BRDA:776,133,0,0
BRDA:776,133,1,0
BRDA:777,134,0,0
BRDA:777,134,1,0
BRDA:790,135,0,0
BRDA:790,135,1,0
BRDA:791,136,0,0
BRDA:791,136,1,0
BRDA:793,137,0,0
BRDA:793,137,1,0
BRDA:802,138,0,0
BRDA:802,138,1,0
BRDA:803,139,0,0
BRDA:803,139,1,0
BRDA:804,140,0,0
BRDA:804,140,1,0
BRDA:808,141,0,0
BRDA:808,141,1,0
BRDA:809,142,0,0
BRDA:809,142,1,0
BRDA:810,143,0,0
BRDA:810,143,1,0
BRDA:816,144,0,0
BRDA:816,144,1,0
BRDA:824,145,0,0
BRDA:824,145,1,0
BRF:311
BRH:0
end_of_record
TN:
SF:src/components/VideoUpload.tsx
FN:13,(anonymous_0)
FN:22,(anonymous_1)
FN:32,(anonymous_2)
FN:42,(anonymous_3)
FN:48,(anonymous_4)
FN:90,(anonymous_5)
FN:92,(anonymous_6)
FN:98,(anonymous_7)
FN:104,(anonymous_8)
FN:132,(anonymous_9)
FN:142,(anonymous_10)
FN:152,(anonymous_11)
FN:166,(anonymous_12)
FNF:13
FNH:3
FNDA:7,(anonymous_0)
FNDA:0,(anonymous_1)
FNDA:0,(anonymous_2)
FNDA:0,(anonymous_3)
FNDA:0,(anonymous_4)
FNDA:0,(anonymous_5)
FNDA:0,(anonymous_6)
FNDA:0,(anonymous_7)
FNDA:0,(anonymous_8)
FNDA:0,(anonymous_9)
FNDA:0,(anonymous_10)
FNDA:7,(anonymous_11)
FNDA:7,(anonymous_12)
DA:13,2
DA:14,7
DA:19,7
DA:20,7
DA:22,7
DA:23,0
DA:24,0
DA:25,0
DA:26,0
DA:27,0
DA:28,0
DA:32,7
DA:33,0
DA:34,0
DA:35,0
DA:37,0
DA:38,0
DA:42,7
DA:43,0
DA:44,0
DA:48,7
DA:50,0
DA:51,0
DA:52,0
DA:56,0
DA:57,0
DA:58,0
DA:59,0
DA:62,0
DA:64,0
DA:70,0
DA:71,0
DA:73,0
DA:74,0
DA:76,0
DA:84,0
DA:85,0
DA:87,0
DA:88,0
DA:90,0
DA:91,0
DA:92,0
DA:98,0
DA:99,0
DA:100,0
DA:101,0
DA:103,0
DA:104,0
DA:110,0
DA:111,0
DA:117,0
DA:118,0
DA:119,0
DA:125,0
DA:128,0
DA:132,0
DA:133,0
DA:134,0
DA:142,0
DA:143,0
DA:144,0
DA:148,0
DA:152,7
DA:153,7
DA:156,0
DA:158,0
DA:160,0
DA:162,7
DA:166,7
DA:167,7
DA:170,0
DA:172,0
DA:174,0
DA:176,7
DA:180,7
LF:75
LH:15
BRDA:25,0,0,0
BRDA:25,0,1,0
BRDA:25,1,0,0
BRDA:25,1,1,0
BRDA:27,2,0,0
BRDA:27,2,1,0
BRDA:37,3,0,0
BRDA:37,3,1,0
BRDA:37,4,0,0
BRDA:37,4,1,0
BRDA:43,5,0,0
BRDA:43,5,1,0
BRDA:43,6,0,0
BRDA:43,6,1,0
BRDA:50,7,0,0
BRDA:50,7,1,0
BRDA:57,8,0,0
BRDA:57,8,1,0
BRDA:103,9,0,0
BRDA:103,9,1,0
BRDA:107,10,0,0
BRDA:107,10,1,0
BRDA:110,11,0,0
BRDA:110,11,1,0
BRDA:113,12,0,0
BRDA:113,12,1,0
BRDA:118,13,0,0
BRDA:118,13,1,0
BRDA:121,14,0,0
BRDA:121,14,1,0
BRDA:153,15,0,0
BRDA:153,15,1,0
BRDA:153,15,2,0
BRDA:153,15,3,0
BRDA:153,15,4,7
BRDA:167,16,0,0
BRDA:167,16,1,0
BRDA:167,16,2,0
BRDA:167,16,3,0
BRDA:167,16,4,7
BRDA:198,17,0,0
BRDA:198,17,1,7
BRDA:202,18,0,7
BRDA:202,18,1,0
BRDA:214,19,0,7
BRDA:214,19,1,7
BRDA:227,20,0,0
BRDA:227,20,1,7
BRDA:227,21,0,7
BRDA:227,21,1,7
BRDA:239,22,0,7
BRDA:239,22,1,0
BRDA:269,23,0,7
BRDA:269,23,1,0
BRDA:269,23,2,0
BRF:55
BRH:11
end_of_record
TN:
SF:src/components/icons/VolleyballIcons.tsx
FN:9,(anonymous_0)
FN:26,(anonymous_1)
FN:44,(anonymous_2)
FN:61,(anonymous_3)
FN:79,(anonymous_4)
FN:98,(anonymous_5)
FNF:6
FNH:5
FNDA:3,(anonymous_0)
FNDA:1,(anonymous_1)
FNDA:1,(anonymous_2)
FNDA:1,(anonymous_3)
FNDA:1,(anonymous_4)
FNDA:0,(anonymous_5)
DA:9,1
DA:10,3
DA:26,1
DA:27,1
DA:44,1
DA:45,1
DA:61,1
DA:62,1
DA:79,1
DA:80,1
DA:98,1
DA:99,0
LF:12
LH:11
BRDA:9,0,0,2
BRDA:9,1,0,2
BRDA:26,2,0,1
BRDA:26,3,0,1
BRDA:44,4,0,1
BRDA:44,5,0,1
BRDA:61,6,0,1
BRDA:61,7,0,1
BRDA:79,8,0,1
BRDA:79,9,0,1
BRDA:98,10,0,0
BRDA:98,11,0,0
BRF:12
BRH:10
end_of_record
TN:
SF:src/components/ui/EmptyState.tsx
FN:3,(anonymous_0)
FNF:1
FNH:1
FNDA:3,(anonymous_0)
DA:3,2
DA:4,3
LF:2
LH:2
BRDA:7,0,0,3
BRDA:7,0,1,3
BRF:2
BRH:2
end_of_record
TN:
SF:src/components/ui/StatusBadge.tsx
FN:3,(anonymous_0)
FNF:1
FNH:1
FNDA:4,(anonymous_0)
DA:3,2
DA:4,4
LF:2
LH:2
BRDA:3,0,0,0
BRDA:6,1,0,1
BRDA:6,1,1,3
BRDA:8,2,0,1
BRDA:8,2,1,2
BRDA:10,3,0,1
BRDA:10,3,1,1
BRDA:15,4,0,4
BRDA:15,4,1,0
BRF:9
BRH:7
end_of_record
TN:
SF:src/services/api.ts
FN:20,(anonymous_0)
FN:25,(anonymous_1)
FN:30,(anonymous_2)
FN:34,(anonymous_3)
FN:125,(anonymous_4)
FN:131,(anonymous_5)
FN:141,(anonymous_6)
FN:147,(anonymous_7)
FN:153,(anonymous_8)
FN:159,(anonymous_9)
FN:165,(anonymous_10)
FN:171,(anonymous_11)
FN:179,(anonymous_12)
FN:185,(anonymous_13)
FN:197,(anonymous_14)
FN:203,(anonymous_15)
FN:209,(anonymous_16)
FN:214,(anonymous_17)
FN:219,(anonymous_18)
FNF:19
FNH:0
FNDA:0,(anonymous_0)
FNDA:0,(anonymous_1)
FNDA:0,(anonymous_2)
FNDA:0,(anonymous_3)
FNDA:0,(anonymous_4)
FNDA:0,(anonymous_5)
FNDA:0,(anonymous_6)
FNDA:0,(anonymous_7)
FNDA:0,(anonymous_8)
FNDA:0,(anonymous_9)
FNDA:0,(anonymous_10)
FNDA:0,(anonymous_11)
FNDA:0,(anonymous_12)
FNDA:0,(anonymous_13)
FNDA:0,(anonymous_14)
FNDA:0,(anonymous_15)
FNDA:0,(anonymous_16)
FNDA:0,(anonymous_17)
FNDA:0,(anonymous_18)
DA:4,0
DA:5,0
DA:8,0
DA:14,0
DA:20,0
DA:21,0
DA:22,0
DA:25,0
DA:26,0
DA:30,0
DA:31,0
DA:34,0
DA:35,0
DA:36,0
DA:40,0
DA:41,0
DA:43,0
DA:44,0
DA:123,0
DA:126,0
DA:127,0
DA:132,0
DA:137,0
DA:142,0
DA:143,0
DA:148,0
DA:149,0
DA:154,0
DA:155,0
DA:160,0
DA:161,0
DA:166,0
DA:167,0
DA:172,0
DA:175,0
DA:180,0
DA:181,0
DA:186,0
DA:193,0
DA:198,0
DA:199,0
DA:204,0
DA:205,0
DA:210,0
DA:215,0
DA:220,0
DA:225,0
DA:226,0
DA:227,0
DA:228,0
DA:229,0
DA:230,0
DA:231,0
DA:232,0
DA:233,0
DA:234,0
DA:235,0
DA:236,0
DA:237,0
DA:238,0
LF:60
LH:0
BRDA:4,0,0,0
BRDA:4,0,1,0
BRF:2
BRH:0
end_of_record
TN:
SF:src/types/index.ts
FNF:0
FNH:0
LF:0
LH:0
BRF:0
BRH:0
end_of_record
